This file contains any messages produced by compilers while
running configure, to aid debugging if configure makes a mistake.

It was created by libxcb configure 1.16, which was
generated by GNU Autoconf 2.71.  Invocation command line was

  $ ./configure --without-doxygen '--docdir=${datadir}/doc/libxcb-1.16'

## --------- ##
## Platform. ##
## --------- ##

hostname = freebsd
uname -m = amd64
uname -r = 13.2-RELEASE
uname -s = FreeBSD
uname -v = FreeBSD 13.2-RELEASE releng/13.2-n254617-525ecfdad597 GENERIC

/usr/bin/uname -p = amd64
/bin/uname -X     = unknown

/bin/arch              = unknown
/usr/bin/arch -k       = unknown
/usr/convex/getsysinfo = unknown
/usr/bin/hostinfo      = unknown
/bin/machine           = unknown
/usr/bin/oslevel       = unknown
/bin/universe          = unknown

PATH: /usr/home/vxcute/.cargo/bin/
PATH: /home/vxcute/.config/emacs/bin/
PATH: /home/vxcute/go/bin/
PATH: /home/vxcute/Downloads/go/bin/
PATH: /sbin/
PATH: /bin/
PATH: /usr/sbin/
PATH: /usr/bin/
PATH: /usr/local/sbin/
PATH: /usr/local/bin/
PATH: /home/vxcute/bin/


## ----------- ##
## Core tests. ##
## ----------- ##

configure:2709: looking for aux files: config.guess config.sub ltmain.sh compile missing install-sh
configure:2722:  trying ./build-aux/
configure:2751:   ./build-aux/config.guess found
configure:2751:   ./build-aux/config.sub found
configure:2751:   ./build-aux/ltmain.sh found
configure:2751:   ./build-aux/compile found
configure:2751:   ./build-aux/missing found
configure:2733:   ./build-aux/install-sh found
configure:2887: checking for a BSD-compatible install
configure:2960: result: /usr/bin/install -c
configure:2971: checking whether build environment is sane
configure:3026: result: yes
configure:3185: checking for a race-free mkdir -p
configure:3229: result: /usr/local/bin/gmkdir -p
configure:3236: checking for gawk
configure:3271: result: no
configure:3236: checking for mawk
configure:3271: result: no
configure:3236: checking for nawk
configure:3257: found /usr/bin/nawk
configure:3268: result: nawk
configure:3279: checking whether make sets $(MAKE)
configure:3302: result: yes
configure:3332: checking whether make supports nested variables
configure:3350: result: yes
configure:3522: checking for a Python interpreter with version >= 3.0
configure:3540: python -c import sys # split strings by '.' and convert to numeric. Append some zeros # because we need at least 4 digits for the hex conversion. # map returns an iterator in Python 3.0 and a list in 2.x minver = list(map(int, '3.0'.split('.'))) + [0, 0, 0] minverhex = 0 # xrange is not present in Python 3.0 and range returns an iterator for i in list(range(0, 4)): minverhex = (minverhex << 8) + minver[i] sys.exit(sys.hexversion < minverhex)
./configure: python: not found
configure:3543: $? = 127
configure:3540: python2 -c import sys # split strings by '.' and convert to numeric. Append some zeros # because we need at least 4 digits for the hex conversion. # map returns an iterator in Python 3.0 and a list in 2.x minver = list(map(int, '3.0'.split('.'))) + [0, 0, 0] minverhex = 0 # xrange is not present in Python 3.0 and range returns an iterator for i in list(range(0, 4)): minverhex = (minverhex << 8) + minver[i] sys.exit(sys.hexversion < minverhex)
./configure: python2: not found
configure:3543: $? = 127
configure:3540: python3 -c import sys # split strings by '.' and convert to numeric. Append some zeros # because we need at least 4 digits for the hex conversion. # map returns an iterator in Python 3.0 and a list in 2.x minver = list(map(int, '3.0'.split('.'))) + [0, 0, 0] minverhex = 0 # xrange is not present in Python 3.0 and range returns an iterator for i in list(range(0, 4)): minverhex = (minverhex << 8) + minver[i] sys.exit(sys.hexversion < minverhex)
configure:3543: $? = 0
configure:3550: result: python3
configure:3558: checking for python3
configure:3581: found /usr/local/bin/python3
configure:3593: result: /usr/local/bin/python3
configure:3610: checking for python3 version
configure:3618: result: 3.9
configure:3623: checking for python3 platform
configure:3631: result: freebsd13
configure:3692: checking for GNU default python3 prefix
configure:3694: result: ${prefix}
configure:3760: checking for GNU default python3 exec_prefix
configure:3762: result: ${exec_prefix}
configure:3793: checking for python3 script directory (pythondir)
configure:3828: result: ${PYTHON_PREFIX}/lib/python3.9/site-packages
configure:3836: checking for python3 extension module directory (pyexecdir)
configure:3871: result: ${PYTHON_EXEC_PREFIX}/lib/python3.9/site-packages
configure:3899: checking whether make supports the include directive
configure:3914: make -f confmf.GNU && cat confinc.out
this is the am__doit target
configure:3917: $? = 0
configure:3936: result: yes (GNU style)
configure:4012: checking for gcc
configure:4047: result: no
configure:4115: checking for cc
configure:4141: found /usr/bin/cc
configure:4164: result: cc
configure:4397: checking for C compiler version
configure:4406: cc --version >&5
FreeBSD clang version 14.0.5 (https://github.com/llvm/llvm-project.git llvmorg-14.0.5-0-gc12386ae247c)
Target: x86_64-unknown-freebsd13.2
Thread model: posix
InstalledDir: /usr/bin
configure:4417: $? = 0
configure:4406: cc -v >&5
FreeBSD clang version 14.0.5 (https://github.com/llvm/llvm-project.git llvmorg-14.0.5-0-gc12386ae247c)
Target: x86_64-unknown-freebsd13.2
Thread model: posix
InstalledDir: /usr/bin
configure:4417: $? = 0
configure:4406: cc -V >&5
cc: error: argument to '-V' is missing (expected 1 value)
cc: error: no input files
configure:4417: $? = 1
configure:4406: cc -qversion >&5
cc: error: unknown argument '-qversion'; did you mean '--version'?
cc: error: no input files
configure:4417: $? = 1
configure:4406: cc -version >&5
cc: error: unknown argument '-version'; did you mean '--version'?
cc: error: no input files
configure:4417: $? = 1
configure:4437: checking whether the C compiler works
configure:4459: cc    conftest.c  >&5
configure:4463: $? = 0
configure:4513: result: yes
configure:4516: checking for C compiler default output file name
configure:4518: result: a.out
configure:4524: checking for suffix of executables
configure:4531: cc -o conftest    conftest.c  >&5
configure:4535: $? = 0
configure:4558: result: 
configure:4580: checking whether we are cross compiling
configure:4588: cc -o conftest    conftest.c  >&5
configure:4592: $? = 0
configure:4599: ./conftest
configure:4603: $? = 0
configure:4618: result: no
configure:4623: checking for suffix of object files
configure:4646: cc -c   conftest.c >&5
configure:4650: $? = 0
configure:4672: result: o
configure:4676: checking whether the compiler supports GNU C
configure:4696: cc -c   conftest.c >&5
configure:4696: $? = 0
configure:4706: result: yes
configure:4717: checking whether cc accepts -g
configure:4738: cc -c -g  conftest.c >&5
configure:4738: $? = 0
configure:4782: result: yes
configure:4802: checking for cc option to enable C11 features
configure:4817: cc  -c -g -O2  conftest.c >&5
configure:4817: $? = 0
configure:4835: result: none needed
configure:4951: checking whether cc understands -c and -o together
configure:4974: cc -c conftest.c -o conftest2.o
configure:4977: $? = 0
configure:4974: cc -c conftest.c -o conftest2.o
configure:4977: $? = 0
configure:4989: result: yes
configure:5008: checking dependency style of cc
configure:5120: result: gcc3
configure:5140: checking for stdio.h
configure:5140: cc -c -g -O2  conftest.c >&5
configure:5140: $? = 0
configure:5140: result: yes
configure:5140: checking for stdlib.h
configure:5140: cc -c -g -O2  conftest.c >&5
configure:5140: $? = 0
configure:5140: result: yes
configure:5140: checking for string.h
configure:5140: cc -c -g -O2  conftest.c >&5
configure:5140: $? = 0
configure:5140: result: yes
configure:5140: checking for inttypes.h
configure:5140: cc -c -g -O2  conftest.c >&5
configure:5140: $? = 0
configure:5140: result: yes
configure:5140: checking for stdint.h
configure:5140: cc -c -g -O2  conftest.c >&5
configure:5140: $? = 0
configure:5140: result: yes
configure:5140: checking for strings.h
configure:5140: cc -c -g -O2  conftest.c >&5
configure:5140: $? = 0
configure:5140: result: yes
configure:5140: checking for sys/stat.h
configure:5140: cc -c -g -O2  conftest.c >&5
configure:5140: $? = 0
configure:5140: result: yes
configure:5140: checking for sys/types.h
configure:5140: cc -c -g -O2  conftest.c >&5
configure:5140: $? = 0
configure:5140: result: yes
configure:5140: checking for unistd.h
configure:5140: cc -c -g -O2  conftest.c >&5
configure:5140: $? = 0
configure:5140: result: yes
configure:5140: checking for wchar.h
configure:5140: cc -c -g -O2  conftest.c >&5
configure:5140: $? = 0
configure:5140: result: yes
configure:5140: checking for minix/config.h
configure:5140: cc -c -g -O2  conftest.c >&5
conftest.c:49:10: fatal error: 'minix/config.h' file not found
#include <minix/config.h>
         ^~~~~~~~~~~~~~~~
1 error generated.
configure:5140: $? = 1
configure: failed program was:
| /* confdefs.h */
| #define PACKAGE_NAME "libxcb"
| #define PACKAGE_TARNAME "libxcb"
| #define PACKAGE_VERSION "1.16"
| #define PACKAGE_STRING "libxcb 1.16"
| #define PACKAGE_BUGREPORT "https://gitlab.freedesktop.org/xorg/lib/libxcb/issues"
| #define PACKAGE_URL ""
| #define PACKAGE "libxcb"
| #define VERSION "1.16"
| #define HAVE_STDIO_H 1
| #define HAVE_STDLIB_H 1
| #define HAVE_STRING_H 1
| #define HAVE_INTTYPES_H 1
| #define HAVE_STDINT_H 1
| #define HAVE_STRINGS_H 1
| #define HAVE_SYS_STAT_H 1
| #define HAVE_SYS_TYPES_H 1
| #define HAVE_UNISTD_H 1
| #define HAVE_WCHAR_H 1
| /* end confdefs.h.  */
| #include <stddef.h>
| #ifdef HAVE_STDIO_H
| # include <stdio.h>
| #endif
| #ifdef HAVE_STDLIB_H
| # include <stdlib.h>
| #endif
| #ifdef HAVE_STRING_H
| # include <string.h>
| #endif
| #ifdef HAVE_INTTYPES_H
| # include <inttypes.h>
| #endif
| #ifdef HAVE_STDINT_H
| # include <stdint.h>
| #endif
| #ifdef HAVE_STRINGS_H
| # include <strings.h>
| #endif
| #ifdef HAVE_SYS_TYPES_H
| # include <sys/types.h>
| #endif
| #ifdef HAVE_SYS_STAT_H
| # include <sys/stat.h>
| #endif
| #ifdef HAVE_UNISTD_H
| # include <unistd.h>
| #endif
| #include <minix/config.h>
configure:5140: result: no
configure:5171: checking whether it is safe to define __EXTENSIONS__
configure:5190: cc -c -g -O2  conftest.c >&5
configure:5190: $? = 0
configure:5198: result: yes
configure:5201: checking whether _XOPEN_SOURCE should be defined
configure:5223: cc -c -g -O2  conftest.c >&5
configure:5223: $? = 0
configure:5250: result: no
configure:5341: checking build system type
configure:5356: result: x86_64-unknown-freebsd13.2
configure:5376: checking host system type
configure:5390: result: x86_64-unknown-freebsd13.2
configure:5431: checking how to print strings
configure:5458: result: printf
configure:5479: checking for a sed that does not truncate output
configure:5549: result: /usr/bin/sed
configure:5567: checking for grep that handles long lines and -e
configure:5631: result: /usr/bin/grep
configure:5636: checking for egrep
configure:5704: result: /usr/bin/grep -E
configure:5709: checking for fgrep
configure:5777: result: /usr/bin/grep -F
configure:5813: checking for ld used by cc
configure:5881: result: /usr/bin/ld
configure:5888: checking if the linker (/usr/bin/ld) is GNU ld
configure:5904: result: yes
configure:5916: checking for BSD- or MS-compatible name lister (nm)
configure:5971: result: /usr/local/bin/nm -B
configure:6111: checking the name lister (/usr/local/bin/nm -B) interface
configure:6119: cc -c -g -O2  conftest.c >&5
configure:6122: /usr/local/bin/nm -B "conftest.o"
configure:6125: output
0000000000000000 B some_variable
configure:6132: result: BSD nm
configure:6135: checking whether ln -s works
configure:6139: result: yes
configure:6147: checking the maximum length of command line arguments
configure:6284: result: 393216
configure:6332: checking how to convert x86_64-unknown-freebsd13.2 file names to x86_64-unknown-freebsd13.2 format
configure:6373: result: func_convert_file_noop
configure:6380: checking how to convert x86_64-unknown-freebsd13.2 file names to toolchain format
configure:6401: result: func_convert_file_noop
configure:6408: checking for /usr/bin/ld option to reload object files
configure:6416: result: -r
configure:6495: checking for file
configure:6516: found /usr/bin/file
configure:6527: result: file
configure:6603: checking for objdump
configure:6624: found /usr/local/bin/objdump
configure:6635: result: objdump
configure:6664: checking how to recognize dependent libraries
configure:6865: result: pass_all
configure:6955: checking for dlltool
configure:6990: result: no
configure:7017: checking how to associate runtime and link libraries
configure:7045: result: printf %s\n
configure:7110: checking for ar
configure:7131: found /usr/bin/ar
configure:7142: result: ar
configure:7195: checking for archiver @FILE support
configure:7213: cc -c -g -O2  conftest.c >&5
configure:7213: $? = 0
configure:7217: ar cr libconftest.a @conftest.lst >&5
ar: warning: can't open file: @conftest.lst: No such file or directory
configure:7220: $? = 1
configure:7240: result: no
configure:7303: checking for strip
configure:7324: found /usr/bin/strip
configure:7335: result: strip
configure:7412: checking for ranlib
configure:7433: found /usr/bin/ranlib
configure:7444: result: ranlib
configure:7546: checking command to parse /usr/local/bin/nm -B output from cc object
configure:7700: cc -c -g -O2  conftest.c >&5
configure:7703: $? = 0
configure:7707: /usr/local/bin/nm -B conftest.o \| /usr/bin/sed -n -e 's/^.*[ ]\([ABCDGIRSTW][ABCDGIRSTW]*\)[ ][ ]*\([_A-Za-z][_A-Za-z0-9]*\)$/\1 \2 \2/p' | /usr/bin/sed '/ __gnu_lto/d' \> conftest.nm
configure:7710: $? = 0
configure:7776: cc -o conftest -g -O2   conftest.c conftstm.o >&5
configure:7779: $? = 0
configure:7817: result: ok
configure:7864: checking for sysroot
configure:7895: result: no
configure:7902: checking for a working dd
configure:7946: result: /bin/dd
configure:7950: checking how to truncate binary pipes
configure:7966: result: /bin/dd bs=4096 count=1
configure:8303: checking for mt
configure:8324: found /usr/bin/mt
configure:8335: result: mt
configure:8358: checking if mt is a manifest tool
configure:8365: mt '-?'
mt: illegal option -- ?
usage: mt [-f device] command [count]
configure:8373: result: no
configure:9094: checking for dlfcn.h
configure:9094: cc -c -g -O2  conftest.c >&5
configure:9094: $? = 0
configure:9094: result: yes
configure:9681: checking for objdir
configure:9697: result: .libs
configure:9961: checking if cc supports -fno-rtti -fno-exceptions
configure:9980: cc -c -g -O2  -fno-rtti -fno-exceptions conftest.c >&5
configure:9984: $? = 0
configure:9997: result: yes
configure:10355: checking for cc option to produce PIC
configure:10363: result: -fPIC -DPIC
configure:10371: checking if cc PIC flag -fPIC -DPIC works
configure:10390: cc -c -g -O2  -fPIC -DPIC -DPIC conftest.c >&5
configure:10394: $? = 0
configure:10407: result: yes
configure:10436: checking if cc static flag -static works
configure:10465: result: yes
configure:10480: checking if cc supports -c -o file.o
configure:10502: cc -c -g -O2  -o out/conftest2.o conftest.c >&5
configure:10506: $? = 0
configure:10528: result: yes
configure:10536: checking if cc supports -c -o file.o
configure:10584: result: yes
configure:10617: checking whether the cc linker (/usr/bin/ld) supports shared libraries
configure:11885: result: yes
configure:11922: checking whether -lc should be explicitly linked in
configure:11931: cc -c -g -O2  conftest.c >&5
configure:11934: $? = 0
configure:11949: cc -shared  -fPIC -DPIC conftest.o  -v -Wl,-soname -Wl,conftest -o conftest 2\>\&1 \| /usr/bin/grep  -lc  \>/dev/null 2\>\&1
configure:11952: $? = 0
configure:11966: result: no
configure:12126: checking dynamic linker characteristics
configure:12960: result: freebsd13.2 ld.so
configure:13082: checking how to hardcode library paths into programs
configure:13107: result: immediate
configure:13659: checking whether stripping libraries is possible
configure:13683: result: yes
configure:13710: checking if libtool supports shared libraries
configure:13712: result: yes
configure:13715: checking whether to build shared libraries
configure:13740: result: yes
configure:13743: checking whether to build static libraries
configure:13747: result: yes
configure:13798: checking for cc options needed to detect all undeclared functions
configure:13820: cc -c -g -O2   conftest.c >&5
conftest.c:44:8: warning: implicitly declaring library function 'strchr' with type 'char *(const char *, int)' [-Wimplicit-function-declaration]
(void) strchr;
       ^
conftest.c:44:8: note: include the header <string.h> or explicitly provide a declaration for 'strchr'
1 warning generated.
configure:13820: $? = 0
configure:13820: cc -c -g -O2 -fno-builtin  conftest.c >&5
conftest.c:44:8: error: use of undeclared identifier 'strchr'
(void) strchr;
       ^
1 error generated.
configure:13820: $? = 1
configure: failed program was:
| /* confdefs.h */
| #define PACKAGE_NAME "libxcb"
| #define PACKAGE_TARNAME "libxcb"
| #define PACKAGE_VERSION "1.16"
| #define PACKAGE_STRING "libxcb 1.16"
| #define PACKAGE_BUGREPORT "https://gitlab.freedesktop.org/xorg/lib/libxcb/issues"
| #define PACKAGE_URL ""
| #define PACKAGE "libxcb"
| #define VERSION "1.16"
| #define HAVE_STDIO_H 1
| #define HAVE_STDLIB_H 1
| #define HAVE_STRING_H 1
| #define HAVE_INTTYPES_H 1
| #define HAVE_STDINT_H 1
| #define HAVE_STRINGS_H 1
| #define HAVE_SYS_STAT_H 1
| #define HAVE_SYS_TYPES_H 1
| #define HAVE_UNISTD_H 1
| #define HAVE_WCHAR_H 1
| #define STDC_HEADERS 1
| #define _ALL_SOURCE 1
| #define _DARWIN_C_SOURCE 1
| #define _GNU_SOURCE 1
| #define _HPUX_ALT_XOPEN_SOCKET_API 1
| #define _NETBSD_SOURCE 1
| #define _OPENBSD_SOURCE 1
| #define _POSIX_PTHREAD_SEMANTICS 1
| #define __STDC_WANT_IEC_60559_ATTRIBS_EXT__ 1
| #define __STDC_WANT_IEC_60559_BFP_EXT__ 1
| #define __STDC_WANT_IEC_60559_DFP_EXT__ 1
| #define __STDC_WANT_IEC_60559_FUNCS_EXT__ 1
| #define __STDC_WANT_IEC_60559_TYPES_EXT__ 1
| #define __STDC_WANT_LIB_EXT2__ 1
| #define __STDC_WANT_MATH_SPEC_FUNCS__ 1
| #define _TANDEM_SOURCE 1
| #define __EXTENSIONS__ 1
| #define HAVE_DLFCN_H 1
| #define LT_OBJDIR ".libs/"
| /* end confdefs.h.  */
| 
| int
| main (void)
| {
| (void) strchr;
|   ;
|   return 0;
| }
configure:13847: cc -c -g -O2 -fno-builtin  conftest.c >&5
configure:13847: $? = 0
configure:13864: result: -fno-builtin
configure:13882: checking whether __clang__ is declared
configure:13882: cc -c -g -O2 -fno-builtin  conftest.c >&5
configure:13882: $? = 0
configure:13882: result: yes
configure:13889: checking whether __INTEL_COMPILER is declared
configure:13889: cc -c -g -O2 -fno-builtin  conftest.c >&5
conftest.c:75:10: error: use of undeclared identifier '__INTEL_COMPILER'
  (void) __INTEL_COMPILER;
         ^
1 error generated.
configure:13889: $? = 1
configure: failed program was:
| /* confdefs.h */
| #define PACKAGE_NAME "libxcb"
| #define PACKAGE_TARNAME "libxcb"
| #define PACKAGE_VERSION "1.16"
| #define PACKAGE_STRING "libxcb 1.16"
| #define PACKAGE_BUGREPORT "https://gitlab.freedesktop.org/xorg/lib/libxcb/issues"
| #define PACKAGE_URL ""
| #define PACKAGE "libxcb"
| #define VERSION "1.16"
| #define HAVE_STDIO_H 1
| #define HAVE_STDLIB_H 1
| #define HAVE_STRING_H 1
| #define HAVE_INTTYPES_H 1
| #define HAVE_STDINT_H 1
| #define HAVE_STRINGS_H 1
| #define HAVE_SYS_STAT_H 1
| #define HAVE_SYS_TYPES_H 1
| #define HAVE_UNISTD_H 1
| #define HAVE_WCHAR_H 1
| #define STDC_HEADERS 1
| #define _ALL_SOURCE 1
| #define _DARWIN_C_SOURCE 1
| #define _GNU_SOURCE 1
| #define _HPUX_ALT_XOPEN_SOCKET_API 1
| #define _NETBSD_SOURCE 1
| #define _OPENBSD_SOURCE 1
| #define _POSIX_PTHREAD_SEMANTICS 1
| #define __STDC_WANT_IEC_60559_ATTRIBS_EXT__ 1
| #define __STDC_WANT_IEC_60559_BFP_EXT__ 1
| #define __STDC_WANT_IEC_60559_DFP_EXT__ 1
| #define __STDC_WANT_IEC_60559_FUNCS_EXT__ 1
| #define __STDC_WANT_IEC_60559_TYPES_EXT__ 1
| #define __STDC_WANT_LIB_EXT2__ 1
| #define __STDC_WANT_MATH_SPEC_FUNCS__ 1
| #define _TANDEM_SOURCE 1
| #define __EXTENSIONS__ 1
| #define HAVE_DLFCN_H 1
| #define LT_OBJDIR ".libs/"
| /* end confdefs.h.  */
| #include <stddef.h>
| #ifdef HAVE_STDIO_H
| # include <stdio.h>
| #endif
| #ifdef HAVE_STDLIB_H
| # include <stdlib.h>
| #endif
| #ifdef HAVE_STRING_H
| # include <string.h>
| #endif
| #ifdef HAVE_INTTYPES_H
| # include <inttypes.h>
| #endif
| #ifdef HAVE_STDINT_H
| # include <stdint.h>
| #endif
| #ifdef HAVE_STRINGS_H
| # include <strings.h>
| #endif
| #ifdef HAVE_SYS_TYPES_H
| # include <sys/types.h>
| #endif
| #ifdef HAVE_SYS_STAT_H
| # include <sys/stat.h>
| #endif
| #ifdef HAVE_UNISTD_H
| # include <unistd.h>
| #endif
| int
| main (void)
| {
| #ifndef __INTEL_COMPILER
| #ifdef __cplusplus
|   (void) __INTEL_COMPILER;
| #else
|   (void) __INTEL_COMPILER;
| #endif
| #endif
| 
|   ;
|   return 0;
| }
configure:13889: result: no
configure:13896: checking whether __SUNPRO_C is declared
configure:13896: cc -c -g -O2 -fno-builtin  conftest.c >&5
conftest.c:75:10: error: use of undeclared identifier '__SUNPRO_C'
  (void) __SUNPRO_C;
         ^
1 error generated.
configure:13896: $? = 1
configure: failed program was:
| /* confdefs.h */
| #define PACKAGE_NAME "libxcb"
| #define PACKAGE_TARNAME "libxcb"
| #define PACKAGE_VERSION "1.16"
| #define PACKAGE_STRING "libxcb 1.16"
| #define PACKAGE_BUGREPORT "https://gitlab.freedesktop.org/xorg/lib/libxcb/issues"
| #define PACKAGE_URL ""
| #define PACKAGE "libxcb"
| #define VERSION "1.16"
| #define HAVE_STDIO_H 1
| #define HAVE_STDLIB_H 1
| #define HAVE_STRING_H 1
| #define HAVE_INTTYPES_H 1
| #define HAVE_STDINT_H 1
| #define HAVE_STRINGS_H 1
| #define HAVE_SYS_STAT_H 1
| #define HAVE_SYS_TYPES_H 1
| #define HAVE_UNISTD_H 1
| #define HAVE_WCHAR_H 1
| #define STDC_HEADERS 1
| #define _ALL_SOURCE 1
| #define _DARWIN_C_SOURCE 1
| #define _GNU_SOURCE 1
| #define _HPUX_ALT_XOPEN_SOCKET_API 1
| #define _NETBSD_SOURCE 1
| #define _OPENBSD_SOURCE 1
| #define _POSIX_PTHREAD_SEMANTICS 1
| #define __STDC_WANT_IEC_60559_ATTRIBS_EXT__ 1
| #define __STDC_WANT_IEC_60559_BFP_EXT__ 1
| #define __STDC_WANT_IEC_60559_DFP_EXT__ 1
| #define __STDC_WANT_IEC_60559_FUNCS_EXT__ 1
| #define __STDC_WANT_IEC_60559_TYPES_EXT__ 1
| #define __STDC_WANT_LIB_EXT2__ 1
| #define __STDC_WANT_MATH_SPEC_FUNCS__ 1
| #define _TANDEM_SOURCE 1
| #define __EXTENSIONS__ 1
| #define HAVE_DLFCN_H 1
| #define LT_OBJDIR ".libs/"
| /* end confdefs.h.  */
| #include <stddef.h>
| #ifdef HAVE_STDIO_H
| # include <stdio.h>
| #endif
| #ifdef HAVE_STDLIB_H
| # include <stdlib.h>
| #endif
| #ifdef HAVE_STRING_H
| # include <string.h>
| #endif
| #ifdef HAVE_INTTYPES_H
| # include <inttypes.h>
| #endif
| #ifdef HAVE_STDINT_H
| # include <stdint.h>
| #endif
| #ifdef HAVE_STRINGS_H
| # include <strings.h>
| #endif
| #ifdef HAVE_SYS_TYPES_H
| # include <sys/types.h>
| #endif
| #ifdef HAVE_SYS_STAT_H
| # include <sys/stat.h>
| #endif
| #ifdef HAVE_UNISTD_H
| # include <unistd.h>
| #endif
| int
| main (void)
| {
| #ifndef __SUNPRO_C
| #ifdef __cplusplus
|   (void) __SUNPRO_C;
| #else
|   (void) __SUNPRO_C;
| #endif
| #endif
| 
|   ;
|   return 0;
| }
configure:13896: result: no
configure:13963: checking for pkg-config
configure:13986: found /usr/local/bin/pkg-config
configure:13998: result: /usr/local/bin/pkg-config
configure:14023: checking pkg-config is at least version 0.9.0
configure:14026: result: yes
configure:14076: checking if cc supports -Werror=unknown-warning-option
configure:14086: cc -c -g -O2 -Werror=unknown-warning-option  conftest.c >&5
configure:14086: $? = 0
configure:14094: result: yes
configure:14105: checking if cc supports -Werror=unused-command-line-argument
configure:14115: cc -c -g -O2 -Werror=unknown-warning-option -Werror=unused-command-line-argument  conftest.c >&5
configure:14115: $? = 0
configure:14123: result: yes
configure:14142: checking if cc supports -Wall
configure:14160: cc -o conftest -g -O2 -Werror=unknown-warning-option -Werror=unused-command-line-argument -Wall   conftest.c  >&5
configure:14160: $? = 0
configure:14174: result: yes
configure:14266: checking if cc supports -Wpointer-arith
configure:14284: cc -o conftest -g -O2 -Werror=unknown-warning-option -Werror=unused-command-line-argument -Wpointer-arith   conftest.c  >&5
configure:14284: $? = 0
configure:14298: result: yes
configure:14390: checking if cc supports -Wmissing-declarations
configure:14408: cc -o conftest -g -O2 -Werror=unknown-warning-option -Werror=unused-command-line-argument -Wmissing-declarations   conftest.c  >&5
configure:14408: $? = 0
configure:14422: result: yes
configure:14514: checking if cc supports -Wformat=2
configure:14532: cc -o conftest -g -O2 -Werror=unknown-warning-option -Werror=unused-command-line-argument -Wformat=2   conftest.c  >&5
configure:14532: $? = 0
configure:14546: result: yes
configure:14691: checking if cc supports -Wstrict-prototypes
configure:14709: cc -o conftest -g -O2 -Werror=unknown-warning-option -Werror=unused-command-line-argument -Wstrict-prototypes   conftest.c  >&5
configure:14709: $? = 0
configure:14723: result: yes
configure:14815: checking if cc supports -Wmissing-prototypes
configure:14833: cc -o conftest -g -O2 -Werror=unknown-warning-option -Werror=unused-command-line-argument -Wmissing-prototypes   conftest.c  >&5
configure:14833: $? = 0
configure:14847: result: yes
configure:14939: checking if cc supports -Wnested-externs
configure:14957: cc -o conftest -g -O2 -Werror=unknown-warning-option -Werror=unused-command-line-argument -Wnested-externs   conftest.c  >&5
configure:14957: $? = 0
configure:14971: result: yes
configure:15063: checking if cc supports -Wbad-function-cast
configure:15081: cc -o conftest -g -O2 -Werror=unknown-warning-option -Werror=unused-command-line-argument -Wbad-function-cast   conftest.c  >&5
configure:15081: $? = 0
configure:15095: result: yes
configure:15187: checking if cc supports -Wold-style-definition
configure:15205: cc -o conftest -g -O2 -Werror=unknown-warning-option -Werror=unused-command-line-argument -Wold-style-definition   conftest.c  >&5
configure:15205: $? = 0
configure:15219: result: yes
configure:15362: checking if cc supports -Wdeclaration-after-statement
configure:15380: cc -o conftest -g -O2 -Werror=unknown-warning-option -Werror=unused-command-line-argument -Wdeclaration-after-statement   conftest.c  >&5
configure:15380: $? = 0
configure:15394: result: yes
configure:15490: checking if cc supports -Wunused
configure:15508: cc -o conftest -g -O2 -Werror=unknown-warning-option -Werror=unused-command-line-argument -Wunused   conftest.c  >&5
configure:15508: $? = 0
configure:15522: result: yes
configure:15614: checking if cc supports -Wuninitialized
configure:15632: cc -o conftest -g -O2 -Werror=unknown-warning-option -Werror=unused-command-line-argument -Wuninitialized   conftest.c  >&5
configure:15632: $? = 0
configure:15646: result: yes
configure:15738: checking if cc supports -Wshadow
configure:15756: cc -o conftest -g -O2 -Werror=unknown-warning-option -Werror=unused-command-line-argument -Wshadow   conftest.c  >&5
configure:15756: $? = 0
configure:15770: result: yes
configure:15862: checking if cc supports -Wmissing-noreturn
configure:15880: cc -o conftest -g -O2 -Werror=unknown-warning-option -Werror=unused-command-line-argument -Wmissing-noreturn   conftest.c  >&5
configure:15880: $? = 0
configure:15894: result: yes
configure:15986: checking if cc supports -Wmissing-format-attribute
configure:16004: cc -o conftest -g -O2 -Werror=unknown-warning-option -Werror=unused-command-line-argument -Wmissing-format-attribute   conftest.c  >&5
configure:16004: $? = 0
configure:16018: result: yes
configure:16110: checking if cc supports -Wredundant-decls
configure:16128: cc -o conftest -g -O2 -Werror=unknown-warning-option -Werror=unused-command-line-argument -Wredundant-decls   conftest.c  >&5
configure:16128: $? = 0
configure:16142: result: yes
configure:16234: checking if cc supports -Wlogical-op
configure:16252: cc -o conftest -g -O2 -Werror=unknown-warning-option -Werror=unused-command-line-argument -Wlogical-op   conftest.c  >&5
error: unknown warning option '-Wlogical-op'; did you mean '-Wlong-long'? [-Werror,-Wunknown-warning-option]
configure:16252: $? = 1
configure: failed program was:
| /* confdefs.h */
| #define PACKAGE_NAME "libxcb"
| #define PACKAGE_TARNAME "libxcb"
| #define PACKAGE_VERSION "1.16"
| #define PACKAGE_STRING "libxcb 1.16"
| #define PACKAGE_BUGREPORT "https://gitlab.freedesktop.org/xorg/lib/libxcb/issues"
| #define PACKAGE_URL ""
| #define PACKAGE "libxcb"
| #define VERSION "1.16"
| #define HAVE_STDIO_H 1
| #define HAVE_STDLIB_H 1
| #define HAVE_STRING_H 1
| #define HAVE_INTTYPES_H 1
| #define HAVE_STDINT_H 1
| #define HAVE_STRINGS_H 1
| #define HAVE_SYS_STAT_H 1
| #define HAVE_SYS_TYPES_H 1
| #define HAVE_UNISTD_H 1
| #define HAVE_WCHAR_H 1
| #define STDC_HEADERS 1
| #define _ALL_SOURCE 1
| #define _DARWIN_C_SOURCE 1
| #define _GNU_SOURCE 1
| #define _HPUX_ALT_XOPEN_SOCKET_API 1
| #define _NETBSD_SOURCE 1
| #define _OPENBSD_SOURCE 1
| #define _POSIX_PTHREAD_SEMANTICS 1
| #define __STDC_WANT_IEC_60559_ATTRIBS_EXT__ 1
| #define __STDC_WANT_IEC_60559_BFP_EXT__ 1
| #define __STDC_WANT_IEC_60559_DFP_EXT__ 1
| #define __STDC_WANT_IEC_60559_FUNCS_EXT__ 1
| #define __STDC_WANT_IEC_60559_TYPES_EXT__ 1
| #define __STDC_WANT_LIB_EXT2__ 1
| #define __STDC_WANT_MATH_SPEC_FUNCS__ 1
| #define _TANDEM_SOURCE 1
| #define __EXTENSIONS__ 1
| #define HAVE_DLFCN_H 1
| #define LT_OBJDIR ".libs/"
| /* end confdefs.h.  */
| int i;
| int
| main (void)
| {
| 
|   ;
|   return 0;
| }
configure:16266: result: no
configure:16370: checking if cc supports -Werror=implicit
configure:16388: cc -o conftest -g -O2 -Werror=unknown-warning-option -Werror=unused-command-line-argument -Werror=implicit   conftest.c  >&5
configure:16388: $? = 0
configure:16402: result: yes
configure:16545: checking if cc supports -Werror=nonnull
configure:16563: cc -o conftest -g -O2 -Werror=unknown-warning-option -Werror=unused-command-line-argument -Werror=nonnull   conftest.c  >&5
configure:16563: $? = 0
configure:16577: result: yes
configure:16669: checking if cc supports -Werror=init-self
configure:16687: cc -o conftest -g -O2 -Werror=unknown-warning-option -Werror=unused-command-line-argument -Werror=init-self   conftest.c  >&5
configure:16687: $? = 0
configure:16701: result: yes
configure:16793: checking if cc supports -Werror=main
configure:16811: cc -o conftest -g -O2 -Werror=unknown-warning-option -Werror=unused-command-line-argument -Werror=main   conftest.c  >&5
configure:16811: $? = 0
configure:16825: result: yes
configure:16917: checking if cc supports -Werror=missing-braces
configure:16935: cc -o conftest -g -O2 -Werror=unknown-warning-option -Werror=unused-command-line-argument -Werror=missing-braces   conftest.c  >&5
configure:16935: $? = 0
configure:16949: result: yes
configure:17041: checking if cc supports -Werror=sequence-point
configure:17059: cc -o conftest -g -O2 -Werror=unknown-warning-option -Werror=unused-command-line-argument -Werror=sequence-point   conftest.c  >&5
configure:17059: $? = 0
configure:17073: result: yes
configure:17165: checking if cc supports -Werror=return-type
configure:17183: cc -o conftest -g -O2 -Werror=unknown-warning-option -Werror=unused-command-line-argument -Werror=return-type   conftest.c  >&5
configure:17183: $? = 0
configure:17197: result: yes
configure:17340: checking if cc supports -Werror=trigraphs
configure:17358: cc -o conftest -g -O2 -Werror=unknown-warning-option -Werror=unused-command-line-argument -Werror=trigraphs   conftest.c  >&5
configure:17358: $? = 0
configure:17372: result: yes
configure:17464: checking if cc supports -Werror=array-bounds
configure:17482: cc -o conftest -g -O2 -Werror=unknown-warning-option -Werror=unused-command-line-argument -Werror=array-bounds   conftest.c  >&5
configure:17482: $? = 0
configure:17496: result: yes
configure:17588: checking if cc supports -Werror=write-strings
configure:17606: cc -o conftest -g -O2 -Werror=unknown-warning-option -Werror=unused-command-line-argument -Werror=write-strings   conftest.c  >&5
configure:17606: $? = 0
configure:17620: result: yes
configure:17712: checking if cc supports -Werror=address
configure:17730: cc -o conftest -g -O2 -Werror=unknown-warning-option -Werror=unused-command-line-argument -Werror=address   conftest.c  >&5
configure:17730: $? = 0
configure:17744: result: yes
configure:17836: checking if cc supports -Werror=int-to-pointer-cast
configure:17854: cc -o conftest -g -O2 -Werror=unknown-warning-option -Werror=unused-command-line-argument -Werror=int-to-pointer-cast   conftest.c  >&5
configure:17854: $? = 0
configure:17868: result: yes
configure:18011: checking if cc supports -Werror=pointer-to-int-cast
configure:18029: cc -o conftest -g -O2 -Werror=unknown-warning-option -Werror=unused-command-line-argument -Werror=pointer-to-int-cast   conftest.c  >&5
configure:18029: $? = 0
configure:18043: result: yes
configure:19784: checking if cc supports -pedantic
configure:19802: cc -o conftest -g -O2 -Werror=unknown-warning-option -Werror=unused-command-line-argument -pedantic   conftest.c  >&5
configure:19802: $? = 0
configure:19816: result: yes
configure:19908: checking if cc supports -Werror
configure:19926: cc -o conftest -g -O2 -Werror=unknown-warning-option -Werror=unused-command-line-argument -Werror   conftest.c  >&5
configure:19926: $? = 0
configure:19940: result: yes
configure:20086: checking if cc supports -Werror=attributes
configure:20104: cc -o conftest -g -O2 -Werror=unknown-warning-option -Werror=unused-command-line-argument -Werror=attributes   conftest.c  >&5
configure:20104: $? = 0
configure:20118: result: yes
configure:20309: checking whether make supports nested variables
configure:20327: result: yes
configure:20358: checking whether to build developer documentation
configure:20360: result: yes
configure:20565: WARNING: dot not found - doxygen targets will be skipped
configure:20571: checking for CHECK
configure:20578: $PKG_CONFIG --exists --print-errors "check >= 0.9.6"
configure:20581: $? = 0
configure:20595: $PKG_CONFIG --exists --print-errors "check >= 0.9.6"
configure:20598: $? = 0
configure:20636: result: yes
configure:20654: checking for xsltproc
configure:20677: found /usr/local/bin/xsltproc
configure:20690: result: /usr/local/bin/xsltproc
configure:20707: checking for XCBPROTO
configure:20714: $PKG_CONFIG --exists --print-errors "xcb-proto >= 1.16.0"
Package dependency requirement 'xcb-proto >= 1.16.0' could not be satisfied.
Package 'xcb-proto' has version '1.15.2', required version is '>= 1.16.0'
configure:20717: $? = 1
configure:20731: $PKG_CONFIG --exists --print-errors "xcb-proto >= 1.16.0"
Package dependency requirement 'xcb-proto >= 1.16.0' could not be satisfied.
Package 'xcb-proto' has version '1.15.2', required version is '>= 1.16.0'
configure:20734: $? = 1
configure:20748: result: no
Package dependency requirement 'xcb-proto >= 1.16.0' could not be satisfied.
Package 'xcb-proto' has version '1.15.2', required version is '>= 1.16.0'
configure:20773: error: Package requirements (xcb-proto >= 1.16.0) were not met:

Package dependency requirement 'xcb-proto >= 1.16.0' could not be satisfied.
Package 'xcb-proto' has version '1.15.2', required version is '>= 1.16.0'

Consider adjusting the PKG_CONFIG_PATH environment variable if you
installed software in a non-standard prefix.

Alternatively, you may set the environment variables XCBPROTO_CFLAGS
and XCBPROTO_LIBS to avoid the need to call pkg-config.
See the pkg-config man page for more details.

## ---------------- ##
## Cache variables. ##
## ---------------- ##

ac_cv_build=x86_64-unknown-freebsd13.2
ac_cv_c_compiler_gnu=yes
ac_cv_c_undeclared_builtin_options=-fno-builtin
ac_cv_env_CC_set=''
ac_cv_env_CC_value=''
ac_cv_env_CFLAGS_set=''
ac_cv_env_CFLAGS_value=''
ac_cv_env_CHECK_CFLAGS_set=''
ac_cv_env_CHECK_CFLAGS_value=''
ac_cv_env_CHECK_LIBS_set=''
ac_cv_env_CHECK_LIBS_value=''
ac_cv_env_CPPFLAGS_set=''
ac_cv_env_CPPFLAGS_value=''
ac_cv_env_DOT_set=''
ac_cv_env_DOT_value=''
ac_cv_env_DOXYGEN_set=''
ac_cv_env_DOXYGEN_value=''
ac_cv_env_LDFLAGS_set=''
ac_cv_env_LDFLAGS_value=''
ac_cv_env_LIBS_set=''
ac_cv_env_LIBS_value=''
ac_cv_env_LT_SYS_LIBRARY_PATH_set=''
ac_cv_env_LT_SYS_LIBRARY_PATH_value=''
ac_cv_env_NEEDED_CFLAGS_set=''
ac_cv_env_NEEDED_CFLAGS_value=''
ac_cv_env_NEEDED_LIBS_set=''
ac_cv_env_NEEDED_LIBS_value=''
ac_cv_env_PKG_CONFIG_LIBDIR_set=''
ac_cv_env_PKG_CONFIG_LIBDIR_value=''
ac_cv_env_PKG_CONFIG_PATH_set=''
ac_cv_env_PKG_CONFIG_PATH_value=''
ac_cv_env_PKG_CONFIG_set=''
ac_cv_env_PKG_CONFIG_value=''
ac_cv_env_PYTHON_set=''
ac_cv_env_PYTHON_value=''
ac_cv_env_XCBPROTO_CFLAGS_set=''
ac_cv_env_XCBPROTO_CFLAGS_value=''
ac_cv_env_XCBPROTO_LIBS_set=''
ac_cv_env_XCBPROTO_LIBS_value=''
ac_cv_env_XDMCP_CFLAGS_set=''
ac_cv_env_XDMCP_CFLAGS_value=''
ac_cv_env_XDMCP_LIBS_set=''
ac_cv_env_XDMCP_LIBS_value=''
ac_cv_env_build_alias_set=''
ac_cv_env_build_alias_value=''
ac_cv_env_host_alias_set=''
ac_cv_env_host_alias_value=''
ac_cv_env_target_alias_set=''
ac_cv_env_target_alias_value=''
ac_cv_have_decl___INTEL_COMPILER=no
ac_cv_have_decl___SUNPRO_C=no
ac_cv_have_decl___clang__=yes
ac_cv_header_dlfcn_h=yes
ac_cv_header_inttypes_h=yes
ac_cv_header_minix_config_h=no
ac_cv_header_stdint_h=yes
ac_cv_header_stdio_h=yes
ac_cv_header_stdlib_h=yes
ac_cv_header_string_h=yes
ac_cv_header_strings_h=yes
ac_cv_header_sys_stat_h=yes
ac_cv_header_sys_types_h=yes
ac_cv_header_unistd_h=yes
ac_cv_header_wchar_h=yes
ac_cv_host=x86_64-unknown-freebsd13.2
ac_cv_objext=o
ac_cv_path_EGREP='/usr/bin/grep -E'
ac_cv_path_FGREP='/usr/bin/grep -F'
ac_cv_path_GREP=/usr/bin/grep
ac_cv_path_PYTHON=/usr/local/bin/python3
ac_cv_path_SED=/usr/bin/sed
ac_cv_path_XSLTPROC=/usr/local/bin/xsltproc
ac_cv_path_ac_pt_PKG_CONFIG=/usr/local/bin/pkg-config
ac_cv_path_install='/usr/bin/install -c'
ac_cv_path_lt_DD=/bin/dd
ac_cv_path_mkdir=/usr/local/bin/gmkdir
ac_cv_prog_AWK=nawk
ac_cv_prog_CC=cc
ac_cv_prog_ac_ct_AR=ar
ac_cv_prog_ac_ct_FILECMD=file
ac_cv_prog_ac_ct_MANIFEST_TOOL=mt
ac_cv_prog_ac_ct_OBJDUMP=objdump
ac_cv_prog_ac_ct_RANLIB=ranlib
ac_cv_prog_ac_ct_STRIP=strip
ac_cv_prog_cc_c11=''
ac_cv_prog_cc_g=yes
ac_cv_prog_cc_stdc=''
ac_cv_prog_make_make_set=yes
ac_cv_safe_to_define___extensions__=yes
ac_cv_should_define__xopen_source=no
am_cv_CC_dependencies_compiler_type=gcc3
am_cv_make_support_nested_variables=yes
am_cv_pathless_PYTHON=python3
am_cv_prog_cc_c_o=yes
am_cv_python_platform=freebsd13
am_cv_python_pyexecdir='${PYTHON_EXEC_PREFIX}/lib/python3.9/site-packages'
am_cv_python_pythondir='${PYTHON_PREFIX}/lib/python3.9/site-packages'
am_cv_python_version=3.9
lt_cv_ar_at_file=no
lt_cv_archive_cmds_need_lc=no
lt_cv_deplibs_check_method=pass_all
lt_cv_file_magic_cmd='$MAGIC_CMD'
lt_cv_file_magic_test_file=''
lt_cv_ld_reload_flag=-r
lt_cv_nm_interface='BSD nm'
lt_cv_objdir=.libs
lt_cv_path_LD=/usr/bin/ld
lt_cv_path_NM='/usr/local/bin/nm -B'
lt_cv_path_mainfest_tool=no
lt_cv_prog_compiler_c_o=yes
lt_cv_prog_compiler_pic='-fPIC -DPIC'
lt_cv_prog_compiler_pic_works=yes
lt_cv_prog_compiler_rtti_exceptions=yes
lt_cv_prog_compiler_static_works=yes
lt_cv_prog_gnu_ld=yes
lt_cv_sharedlib_from_linklib_cmd='printf %s\n'
lt_cv_sys_global_symbol_pipe=$'/usr/bin/sed -n -e \'s/^.*[\t ]\\([ABCDGIRSTW][ABCDGIRSTW]*\\)[\t ][\t ]*\\([_A-Za-z][_A-Za-z0-9]*\\)$/\\1 \\2 \\2/p\' | /usr/bin/sed \'/ __gnu_lto/d\''
lt_cv_sys_global_symbol_to_c_name_address=$'/usr/bin/sed -n -e \'s/^: \\(.*\\) .*$/  {"\\1", (void *) 0},/p\' -e \'s/^[ABCDGIRSTW][ABCDGIRSTW]* .* \\(.*\\)$/  {"\\1", (void *) \\&\\1},/p\''
lt_cv_sys_global_symbol_to_c_name_address_lib_prefix=$'/usr/bin/sed -n -e \'s/^: \\(.*\\) .*$/  {"\\1", (void *) 0},/p\' -e \'s/^[ABCDGIRSTW][ABCDGIRSTW]* .* \\(lib.*\\)$/  {"\\1", (void *) \\&\\1},/p\' -e \'s/^[ABCDGIRSTW][ABCDGIRSTW]* .* \\(.*\\)$/  {"lib\\1", (void *) \\&\\1},/p\''
lt_cv_sys_global_symbol_to_cdecl=$'/usr/bin/sed -n -e \'s/^T .* \\(.*\\)$/extern int \\1();/p\' -e \'s/^[ABCDGIRSTW][ABCDGIRSTW]* .* \\(.*\\)$/extern char \\1;/p\''
lt_cv_sys_global_symbol_to_import=''
lt_cv_sys_max_cmd_len=393216
lt_cv_to_host_file_cmd=func_convert_file_noop
lt_cv_to_tool_file_cmd=func_convert_file_noop
lt_cv_truncate_bin='/bin/dd bs=4096 count=1'
pkg_cv_CHECK_CFLAGS='-I/usr/local/include -D_THREAD_SAFE -pthread '
pkg_cv_CHECK_LIBS='-L/usr/local/lib -lcheck '
xorg_cv_cc_flag__Wall=yes
xorg_cv_cc_flag__Wbad_function_cast=yes
xorg_cv_cc_flag__Wdeclaration_after_statement=yes
xorg_cv_cc_flag__Werror=yes
xorg_cv_cc_flag__Werror_address=yes
xorg_cv_cc_flag__Werror_array_bounds=yes
xorg_cv_cc_flag__Werror_attributes=yes
xorg_cv_cc_flag__Werror_implicit=yes
xorg_cv_cc_flag__Werror_init_self=yes
xorg_cv_cc_flag__Werror_int_to_pointer_cast=yes
xorg_cv_cc_flag__Werror_main=yes
xorg_cv_cc_flag__Werror_missing_braces=yes
xorg_cv_cc_flag__Werror_nonnull=yes
xorg_cv_cc_flag__Werror_pointer_to_int_cast=yes
xorg_cv_cc_flag__Werror_return_type=yes
xorg_cv_cc_flag__Werror_sequence_point=yes
xorg_cv_cc_flag__Werror_trigraphs=yes
xorg_cv_cc_flag__Werror_write_strings=yes
xorg_cv_cc_flag__Wformat_2=yes
xorg_cv_cc_flag__Wlogical_op=no
xorg_cv_cc_flag__Wmissing_declarations=yes
xorg_cv_cc_flag__Wmissing_format_attribute=yes
xorg_cv_cc_flag__Wmissing_noreturn=yes
xorg_cv_cc_flag__Wmissing_prototypes=yes
xorg_cv_cc_flag__Wnested_externs=yes
xorg_cv_cc_flag__Wold_style_definition=yes
xorg_cv_cc_flag__Wpointer_arith=yes
xorg_cv_cc_flag__Wredundant_decls=yes
xorg_cv_cc_flag__Wshadow=yes
xorg_cv_cc_flag__Wstrict_prototypes=yes
xorg_cv_cc_flag__Wuninitialized=yes
xorg_cv_cc_flag__Wunused=yes
xorg_cv_cc_flag__pedantic=yes
xorg_cv_cc_flag_unknown_warning_option=yes
xorg_cv_cc_flag_unused_command_line_argument=yes

## ----------------- ##
## Output variables. ##
## ----------------- ##

ACLOCAL='${SHELL} '\''/home/vxcute/configs/libs/libxcb-1.16/build-aux/missing'\'' aclocal-1.16'
ADMIN_MAN_DIR='$(mandir)/man$(ADMIN_MAN_SUFFIX)'
ADMIN_MAN_SUFFIX='8'
AMDEPBACKSLASH='\'
AMDEP_FALSE='#'
AMDEP_TRUE=''
AMTAR='$${TAR-tar}'
AM_BACKSLASH='\'
AM_DEFAULT_V='$(AM_DEFAULT_VERBOSITY)'
AM_DEFAULT_VERBOSITY='0'
AM_V='$(V)'
APP_MAN_DIR='$(mandir)/man$(APP_MAN_SUFFIX)'
APP_MAN_SUFFIX='1'
AR='ar'
AS='as'
AUTOCONF='${SHELL} '\''/home/vxcute/configs/libs/libxcb-1.16/build-aux/missing'\'' autoconf'
AUTOHEADER='${SHELL} '\''/home/vxcute/configs/libs/libxcb-1.16/build-aux/missing'\'' autoheader'
AUTOMAKE='${SHELL} '\''/home/vxcute/configs/libs/libxcb-1.16/build-aux/missing'\'' automake-1.16'
AWK='nawk'
BASE_CFLAGS=' -Wall -Wpointer-arith -Wmissing-declarations -Wformat=2 -Wstrict-prototypes -Wmissing-prototypes -Wnested-externs -Wbad-function-cast -Wold-style-definition -Wdeclaration-after-statement -Wunused -Wuninitialized -Wshadow -Wmissing-noreturn -Wmissing-format-attribute -Wredundant-decls -Werror=implicit -Werror=nonnull -Werror=init-self -Werror=main -Werror=missing-braces -Werror=sequence-point -Werror=return-type -Werror=trigraphs -Werror=array-bounds -Werror=write-strings -Werror=address -Werror=int-to-pointer-cast -Werror=pointer-to-int-cast'
BUILD_COMPOSITE_FALSE=''
BUILD_COMPOSITE_TRUE=''
BUILD_DAMAGE_FALSE=''
BUILD_DAMAGE_TRUE=''
BUILD_DBE_FALSE=''
BUILD_DBE_TRUE=''
BUILD_DPMS_FALSE=''
BUILD_DPMS_TRUE=''
BUILD_DRI2_FALSE=''
BUILD_DRI2_TRUE=''
BUILD_DRI3_FALSE=''
BUILD_DRI3_TRUE=''
BUILD_GE_FALSE=''
BUILD_GE_TRUE=''
BUILD_GLX_FALSE=''
BUILD_GLX_TRUE=''
BUILD_PRESENT_FALSE=''
BUILD_PRESENT_TRUE=''
BUILD_RANDR_FALSE=''
BUILD_RANDR_TRUE=''
BUILD_RECORD_FALSE=''
BUILD_RECORD_TRUE=''
BUILD_RENDER_FALSE=''
BUILD_RENDER_TRUE=''
BUILD_RESOURCE_FALSE=''
BUILD_RESOURCE_TRUE=''
BUILD_SCREENSAVER_FALSE=''
BUILD_SCREENSAVER_TRUE=''
BUILD_SELINUX_FALSE=''
BUILD_SELINUX_TRUE=''
BUILD_SHAPE_FALSE=''
BUILD_SHAPE_TRUE=''
BUILD_SHM_FALSE=''
BUILD_SHM_TRUE=''
BUILD_SYNC_FALSE=''
BUILD_SYNC_TRUE=''
BUILD_XEVIE_FALSE=''
BUILD_XEVIE_TRUE=''
BUILD_XFIXES_FALSE=''
BUILD_XFIXES_TRUE=''
BUILD_XFREE86_DRI_FALSE=''
BUILD_XFREE86_DRI_TRUE=''
BUILD_XINERAMA_FALSE=''
BUILD_XINERAMA_TRUE=''
BUILD_XINPUT_FALSE=''
BUILD_XINPUT_TRUE=''
BUILD_XKB_FALSE=''
BUILD_XKB_TRUE=''
BUILD_XPRINT_FALSE=''
BUILD_XPRINT_TRUE=''
BUILD_XTEST_FALSE=''
BUILD_XTEST_TRUE=''
BUILD_XVMC_FALSE=''
BUILD_XVMC_TRUE=''
BUILD_XV_FALSE=''
BUILD_XV_TRUE=''
CC='cc'
CCDEPMODE='depmode=gcc3'
CFLAGS='-g -O2'
CHANGELOG_CMD='((GIT_DIR=$(top_srcdir)/.git git log > $(top_srcdir)/.changelog.tmp) 2>/dev/null && mv $(top_srcdir)/.changelog.tmp $(top_srcdir)/ChangeLog) || (rm -f $(top_srcdir)/.changelog.tmp; test -e $(top_srcdir)/ChangeLog || ( touch $(top_srcdir)/ChangeLog; echo '\''git failed to create ChangeLog: installing empty ChangeLog.'\'' >&2))'
CHECK_CFLAGS='-I/usr/local/include -D_THREAD_SAFE -pthread '
CHECK_LIBS='-L/usr/local/lib -lcheck '
CPPFLAGS=''
CSCOPE='cscope'
CTAGS='ctags'
CWARNFLAGS=' -Wall -Wpointer-arith -Wmissing-declarations -Wformat=2 -Wstrict-prototypes -Wmissing-prototypes -Wnested-externs -Wbad-function-cast -Wold-style-definition -Wdeclaration-after-statement -Wunused -Wuninitialized -Wshadow -Wmissing-noreturn -Wmissing-format-attribute -Wredundant-decls -Werror=implicit -Werror=nonnull -Werror=init-self -Werror=main -Werror=missing-braces -Werror=sequence-point -Werror=return-type -Werror=trigraphs -Werror=array-bounds -Werror=write-strings -Werror=address -Werror=int-to-pointer-cast -Werror=pointer-to-int-cast -fno-strict-aliasing'
CYGPATH_W='echo'
DEFS=''
DEPDIR='.deps'
DLLTOOL='false'
DOT=''
DOXYGEN=''
DRIVER_MAN_DIR='$(mandir)/man$(DRIVER_MAN_SUFFIX)'
DRIVER_MAN_SUFFIX='4'
DSYMUTIL=''
DUMPBIN=''
ECHO_C=''
ECHO_N='-n'
ECHO_T=''
EGREP='/usr/bin/grep -E'
ENABLE_DEVEL_DOCS_FALSE='#'
ENABLE_DEVEL_DOCS_TRUE=''
ETAGS='etags'
EXEEXT=''
FGREP='/usr/bin/grep -F'
FILECMD='file'
FILE_MAN_DIR='$(mandir)/man$(FILE_MAN_SUFFIX)'
FILE_MAN_SUFFIX='5'
GREP='/usr/bin/grep'
HAVE_CHECK_FALSE='#'
HAVE_CHECK_TRUE=''
HAVE_DOT='no'
HAVE_DOT_FALSE=''
HAVE_DOT_TRUE='#'
HAVE_DOXYGEN_FALSE=''
HAVE_DOXYGEN_TRUE='#'
HTML_CHECK_RESULT='yes'
INSTALL_CMD='(cp -f /usr/local/share/util-macros/INSTALL $(top_srcdir)/.INSTALL.tmp && mv $(top_srcdir)/.INSTALL.tmp $(top_srcdir)/INSTALL) || (rm -f $(top_srcdir)/.INSTALL.tmp; test -e $(top_srcdir)/INSTALL || ( touch $(top_srcdir)/INSTALL; echo '\''failed to copy INSTALL from util-macros: installing empty INSTALL.'\'' >&2))'
INSTALL_DATA='${INSTALL} -m 644'
INSTALL_PROGRAM='${INSTALL}'
INSTALL_SCRIPT='${INSTALL}'
INSTALL_STRIP_PROGRAM='$(install_sh) -c -s'
LD='/usr/bin/ld'
LDFLAGS=''
LIBOBJS=''
LIBS=''
LIBTOOL='$(SHELL) $(top_builddir)/libtool'
LIB_MAN_DIR='$(mandir)/man$(LIB_MAN_SUFFIX)'
LIB_MAN_SUFFIX='3'
LIPO=''
LN_S='ln -s'
LTLIBOBJS=''
LT_SYS_LIBRARY_PATH=''
MAKEINFO='${SHELL} '\''/home/vxcute/configs/libs/libxcb-1.16/build-aux/missing'\'' makeinfo'
MANIFEST_TOOL=':'
MAN_SUBSTS='	-e '\''s|__vendorversion__|"$(PACKAGE_STRING)" "$(XORG_MAN_PAGE)"|'\'' 	-e '\''s|__xorgversion__|"$(PACKAGE_STRING)" "$(XORG_MAN_PAGE)"|'\'' 	-e '\''s|__xservername__|Xorg|g'\'' 	-e '\''s|__xconfigfile__|xorg.conf|g'\'' 	-e '\''s|__projectroot__|$(prefix)|g'\'' 	-e '\''s|__apploaddir__|$(appdefaultdir)|g'\'' 	-e '\''s|__appmansuffix__|$(APP_MAN_SUFFIX)|g'\'' 	-e '\''s|__drivermansuffix__|$(DRIVER_MAN_SUFFIX)|g'\'' 	-e '\''s|__adminmansuffix__|$(ADMIN_MAN_SUFFIX)|g'\'' 	-e '\''s|__libmansuffix__|$(LIB_MAN_SUFFIX)|g'\'' 	-e '\''s|__miscmansuffix__|$(MISC_MAN_SUFFIX)|g'\'' 	-e '\''s|__filemansuffix__|$(FILE_MAN_SUFFIX)|g'\'''
MISC_MAN_DIR='$(mandir)/man$(MISC_MAN_SUFFIX)'
MISC_MAN_SUFFIX='7'
MKDIR_P='/usr/local/bin/gmkdir -p'
NEEDED=''
NEEDED_CFLAGS=''
NEEDED_LIBS=''
NM='/usr/local/bin/nm -B'
NMEDIT=''
OBJDUMP='objdump'
OBJEXT='o'
OTOOL64=''
OTOOL=''
PACKAGE='libxcb'
PACKAGE_BUGREPORT='https://gitlab.freedesktop.org/xorg/lib/libxcb/issues'
PACKAGE_NAME='libxcb'
PACKAGE_STRING='libxcb 1.16'
PACKAGE_TARNAME='libxcb'
PACKAGE_URL=''
PACKAGE_VERSION='1.16'
PATH_SEPARATOR=':'
PKG_CONFIG='/usr/local/bin/pkg-config'
PKG_CONFIG_LIBDIR=''
PKG_CONFIG_PATH=''
PYTHON='/usr/local/bin/python3'
PYTHON_EXEC_PREFIX='${exec_prefix}'
PYTHON_PLATFORM='freebsd13'
PYTHON_PREFIX='${prefix}'
PYTHON_VERSION='3.9'
RANLIB='ranlib'
SED='/usr/bin/sed'
SET_MAKE=''
SHELL='/bin/sh'
STRICT_CFLAGS=' -pedantic -Werror -Werror=attributes'
STRIP='strip'
VERSION='1.16'
XCBPROTO_CFLAGS=''
XCBPROTO_LIBS=''
XCBPROTO_VERSION=''
XCBPROTO_XCBINCLUDEDIR=''
XCBPROTO_XCBPYTHONDIR=''
XCB_HAVE_WIN32_FALSE=''
XCB_HAVE_WIN32_TRUE=''
XCB_SERVERSIDE_SUPPORT_FALSE=''
XCB_SERVERSIDE_SUPPORT_TRUE=''
XDMCP_CFLAGS=''
XDMCP_LIBS=''
XORG_MAN_PAGE='X Version 11'
XSLTPROC='/usr/local/bin/xsltproc'
ac_ct_AR='ar'
ac_ct_CC=''
ac_ct_DUMPBIN=''
am__EXEEXT_FALSE=''
am__EXEEXT_TRUE=''
am__fastdepCC_FALSE='#'
am__fastdepCC_TRUE=''
am__include='include'
am__isrc=''
am__leading_dot='.'
am__nodep='_no'
am__quote=''
am__tar='$${TAR-tar} chof - "$$tardir"'
am__untar='$${TAR-tar} xf -'
bindir='${exec_prefix}/bin'
build='x86_64-unknown-freebsd13.2'
build_alias=''
build_cpu='x86_64'
build_os='freebsd13.2'
build_vendor='unknown'
datadir='${datarootdir}'
datarootdir='${prefix}/share'
docdir='${datadir}/doc/libxcb-1.16'
dvidir='${docdir}'
exec_prefix='NONE'
host='x86_64-unknown-freebsd13.2'
host_alias=''
host_cpu='x86_64'
host_os='freebsd13.2'
host_vendor='unknown'
htmldir='${docdir}'
includedir='${prefix}/include'
infodir='${datarootdir}/info'
install_sh='${SHELL} /home/vxcute/configs/libs/libxcb-1.16/build-aux/install-sh'
libdir='${exec_prefix}/lib'
libexecdir='${exec_prefix}/libexec'
localedir='${datarootdir}/locale'
localstatedir='${prefix}/var'
lt_enable_auto_import=''
mandir='${datarootdir}/man'
mkdir_p='$(MKDIR_P)'
oldincludedir='/usr/include'
pdfdir='${docdir}'
pkgpyexecdir='${pyexecdir}/libxcb'
pkgpythondir='${pythondir}/libxcb'
prefix='NONE'
program_transform_name='s,x,x,'
psdir='${docdir}'
pyexecdir='${PYTHON_EXEC_PREFIX}/lib/python3.9/site-packages'
pythondir='${PYTHON_PREFIX}/lib/python3.9/site-packages'
runstatedir='${localstatedir}/run'
sbindir='${exec_prefix}/sbin'
sharedstatedir='${prefix}/com'
sysconfdir='${prefix}/etc'
target_alias=''
xcbincludedir=''

## ----------- ##
## confdefs.h. ##
## ----------- ##

/* confdefs.h */
#define PACKAGE_NAME "libxcb"
#define PACKAGE_TARNAME "libxcb"
#define PACKAGE_VERSION "1.16"
#define PACKAGE_STRING "libxcb 1.16"
#define PACKAGE_BUGREPORT "https://gitlab.freedesktop.org/xorg/lib/libxcb/issues"
#define PACKAGE_URL ""
#define PACKAGE "libxcb"
#define VERSION "1.16"
#define HAVE_STDIO_H 1
#define HAVE_STDLIB_H 1
#define HAVE_STRING_H 1
#define HAVE_INTTYPES_H 1
#define HAVE_STDINT_H 1
#define HAVE_STRINGS_H 1
#define HAVE_SYS_STAT_H 1
#define HAVE_SYS_TYPES_H 1
#define HAVE_UNISTD_H 1
#define HAVE_WCHAR_H 1
#define STDC_HEADERS 1
#define _ALL_SOURCE 1
#define _DARWIN_C_SOURCE 1
#define _GNU_SOURCE 1
#define _HPUX_ALT_XOPEN_SOCKET_API 1
#define _NETBSD_SOURCE 1
#define _OPENBSD_SOURCE 1
#define _POSIX_PTHREAD_SEMANTICS 1
#define __STDC_WANT_IEC_60559_ATTRIBS_EXT__ 1
#define __STDC_WANT_IEC_60559_BFP_EXT__ 1
#define __STDC_WANT_IEC_60559_DFP_EXT__ 1
#define __STDC_WANT_IEC_60559_FUNCS_EXT__ 1
#define __STDC_WANT_IEC_60559_TYPES_EXT__ 1
#define __STDC_WANT_LIB_EXT2__ 1
#define __STDC_WANT_MATH_SPEC_FUNCS__ 1
#define _TANDEM_SOURCE 1
#define __EXTENSIONS__ 1
#define HAVE_DLFCN_H 1
#define LT_OBJDIR ".libs/"
#define PACKAGE_VERSION_MAJOR 1
#define PACKAGE_VERSION_MINOR 16
#define PACKAGE_VERSION_PATCHLEVEL 0

configure: exit 1
