This file contains any messages produced by compilers while
running configure, to aid debugging if configure makes a mistake.

It was created by libxcb configure 1.15, which was
generated by GNU Autoconf 2.71.  Invocation command line was

  $ ./configure --without-doxygen '--docdir=${datadir}/doc/libxcb-1.15'

## --------- ##
## Platform. ##
## --------- ##

hostname = freebsd
uname -m = amd64
uname -r = 13.2-RELEASE
uname -s = FreeBSD
uname -v = FreeBSD 13.2-RELEASE releng/13.2-n254617-525ecfdad597 GENERIC

/usr/bin/uname -p = amd64
/bin/uname -X     = unknown

/bin/arch              = unknown
/usr/bin/arch -k       = unknown
/usr/convex/getsysinfo = unknown
/usr/bin/hostinfo      = unknown
/bin/machine           = unknown
/usr/bin/oslevel       = unknown
/bin/universe          = unknown

PATH: /usr/home/vxcute/.cargo/bin/
PATH: /home/vxcute/.config/emacs/bin/
PATH: /home/vxcute/go/bin/
PATH: /home/vxcute/Downloads/go/bin/
PATH: /sbin/
PATH: /bin/
PATH: /usr/sbin/
PATH: /usr/bin/
PATH: /usr/local/sbin/
PATH: /usr/local/bin/
PATH: /home/vxcute/bin/


## ----------- ##
## Core tests. ##
## ----------- ##

configure:2708: looking for aux files: config.guess config.sub ltmain.sh compile missing install-sh
configure:2721:  trying ./build-aux/
configure:2750:   ./build-aux/config.guess found
configure:2750:   ./build-aux/config.sub found
configure:2750:   ./build-aux/ltmain.sh found
configure:2750:   ./build-aux/compile found
configure:2750:   ./build-aux/missing found
configure:2732:   ./build-aux/install-sh found
configure:2886: checking for a BSD-compatible install
configure:2959: result: /usr/bin/install -c
configure:2970: checking whether build environment is sane
configure:3025: result: yes
configure:3184: checking for a race-free mkdir -p
configure:3228: result: /usr/local/bin/gmkdir -p
configure:3235: checking for gawk
configure:3270: result: no
configure:3235: checking for mawk
configure:3270: result: no
configure:3235: checking for nawk
configure:3256: found /usr/bin/nawk
configure:3267: result: nawk
configure:3278: checking whether make sets $(MAKE)
configure:3301: result: yes
configure:3331: checking whether make supports nested variables
configure:3349: result: yes
configure:3521: checking for a Python interpreter with version >= 2.6
configure:3539: python -c import sys # split strings by '.' and convert to numeric. Append some zeros # because we need at least 4 digits for the hex conversion. # map returns an iterator in Python 3.0 and a list in 2.x minver = list(map(int, '2.6'.split('.'))) + [0, 0, 0] minverhex = 0 # xrange is not present in Python 3.0 and range returns an iterator for i in list(range(0, 4)): minverhex = (minverhex << 8) + minver[i] sys.exit(sys.hexversion < minverhex)
./configure: python: not found
configure:3542: $? = 127
configure:3539: python2 -c import sys # split strings by '.' and convert to numeric. Append some zeros # because we need at least 4 digits for the hex conversion. # map returns an iterator in Python 3.0 and a list in 2.x minver = list(map(int, '2.6'.split('.'))) + [0, 0, 0] minverhex = 0 # xrange is not present in Python 3.0 and range returns an iterator for i in list(range(0, 4)): minverhex = (minverhex << 8) + minver[i] sys.exit(sys.hexversion < minverhex)
./configure: python2: not found
configure:3542: $? = 127
configure:3539: python3 -c import sys # split strings by '.' and convert to numeric. Append some zeros # because we need at least 4 digits for the hex conversion. # map returns an iterator in Python 3.0 and a list in 2.x minver = list(map(int, '2.6'.split('.'))) + [0, 0, 0] minverhex = 0 # xrange is not present in Python 3.0 and range returns an iterator for i in list(range(0, 4)): minverhex = (minverhex << 8) + minver[i] sys.exit(sys.hexversion < minverhex)
configure:3542: $? = 0
configure:3549: result: python3
configure:3557: checking for python3
configure:3580: found /usr/local/bin/python3
configure:3592: result: /usr/local/bin/python3
configure:3609: checking for python3 version
configure:3617: result: 3.9
configure:3622: checking for python3 platform
configure:3630: result: freebsd13
configure:3691: checking for GNU default python3 prefix
configure:3693: result: ${prefix}
configure:3759: checking for GNU default python3 exec_prefix
configure:3761: result: ${exec_prefix}
configure:3792: checking for python3 script directory (pythondir)
configure:3827: result: ${PYTHON_PREFIX}/lib/python3.9/site-packages
configure:3835: checking for python3 extension module directory (pyexecdir)
configure:3870: result: ${PYTHON_EXEC_PREFIX}/lib/python3.9/site-packages
configure:3898: checking whether make supports the include directive
configure:3913: make -f confmf.GNU && cat confinc.out
this is the am__doit target
configure:3916: $? = 0
configure:3935: result: yes (GNU style)
configure:4011: checking for gcc
configure:4046: result: no
configure:4114: checking for cc
configure:4140: found /usr/bin/cc
configure:4163: result: cc
configure:4396: checking for C compiler version
configure:4405: cc --version >&5
FreeBSD clang version 14.0.5 (https://github.com/llvm/llvm-project.git llvmorg-14.0.5-0-gc12386ae247c)
Target: x86_64-unknown-freebsd13.2
Thread model: posix
InstalledDir: /usr/bin
configure:4416: $? = 0
configure:4405: cc -v >&5
FreeBSD clang version 14.0.5 (https://github.com/llvm/llvm-project.git llvmorg-14.0.5-0-gc12386ae247c)
Target: x86_64-unknown-freebsd13.2
Thread model: posix
InstalledDir: /usr/bin
configure:4416: $? = 0
configure:4405: cc -V >&5
cc: error: argument to '-V' is missing (expected 1 value)
cc: error: no input files
configure:4416: $? = 1
configure:4405: cc -qversion >&5
cc: error: unknown argument '-qversion'; did you mean '--version'?
cc: error: no input files
configure:4416: $? = 1
configure:4405: cc -version >&5
cc: error: unknown argument '-version'; did you mean '--version'?
cc: error: no input files
configure:4416: $? = 1
configure:4436: checking whether the C compiler works
configure:4458: cc    conftest.c  >&5
configure:4462: $? = 0
configure:4512: result: yes
configure:4515: checking for C compiler default output file name
configure:4517: result: a.out
configure:4523: checking for suffix of executables
configure:4530: cc -o conftest    conftest.c  >&5
configure:4534: $? = 0
configure:4557: result: 
configure:4579: checking whether we are cross compiling
configure:4587: cc -o conftest    conftest.c  >&5
configure:4591: $? = 0
configure:4598: ./conftest
configure:4602: $? = 0
configure:4617: result: no
configure:4622: checking for suffix of object files
configure:4645: cc -c   conftest.c >&5
configure:4649: $? = 0
configure:4671: result: o
configure:4675: checking whether the compiler supports GNU C
configure:4695: cc -c   conftest.c >&5
configure:4695: $? = 0
configure:4705: result: yes
configure:4716: checking whether cc accepts -g
configure:4737: cc -c -g  conftest.c >&5
configure:4737: $? = 0
configure:4781: result: yes
configure:4801: checking for cc option to enable C11 features
configure:4816: cc  -c -g -O2  conftest.c >&5
configure:4816: $? = 0
configure:4834: result: none needed
configure:4950: checking whether cc understands -c and -o together
configure:4973: cc -c conftest.c -o conftest2.o
configure:4976: $? = 0
configure:4973: cc -c conftest.c -o conftest2.o
configure:4976: $? = 0
configure:4988: result: yes
configure:5007: checking dependency style of cc
configure:5119: result: gcc3
configure:5139: checking for stdio.h
configure:5139: cc -c -g -O2  conftest.c >&5
configure:5139: $? = 0
configure:5139: result: yes
configure:5139: checking for stdlib.h
configure:5139: cc -c -g -O2  conftest.c >&5
configure:5139: $? = 0
configure:5139: result: yes
configure:5139: checking for string.h
configure:5139: cc -c -g -O2  conftest.c >&5
configure:5139: $? = 0
configure:5139: result: yes
configure:5139: checking for inttypes.h
configure:5139: cc -c -g -O2  conftest.c >&5
configure:5139: $? = 0
configure:5139: result: yes
configure:5139: checking for stdint.h
configure:5139: cc -c -g -O2  conftest.c >&5
configure:5139: $? = 0
configure:5139: result: yes
configure:5139: checking for strings.h
configure:5139: cc -c -g -O2  conftest.c >&5
configure:5139: $? = 0
configure:5139: result: yes
configure:5139: checking for sys/stat.h
configure:5139: cc -c -g -O2  conftest.c >&5
configure:5139: $? = 0
configure:5139: result: yes
configure:5139: checking for sys/types.h
configure:5139: cc -c -g -O2  conftest.c >&5
configure:5139: $? = 0
configure:5139: result: yes
configure:5139: checking for unistd.h
configure:5139: cc -c -g -O2  conftest.c >&5
configure:5139: $? = 0
configure:5139: result: yes
configure:5139: checking for wchar.h
configure:5139: cc -c -g -O2  conftest.c >&5
configure:5139: $? = 0
configure:5139: result: yes
configure:5139: checking for minix/config.h
configure:5139: cc -c -g -O2  conftest.c >&5
conftest.c:49:10: fatal error: 'minix/config.h' file not found
#include <minix/config.h>
         ^~~~~~~~~~~~~~~~
1 error generated.
configure:5139: $? = 1
configure: failed program was:
| /* confdefs.h */
| #define PACKAGE_NAME "libxcb"
| #define PACKAGE_TARNAME "libxcb"
| #define PACKAGE_VERSION "1.15"
| #define PACKAGE_STRING "libxcb 1.15"
| #define PACKAGE_BUGREPORT "https://gitlab.freedesktop.org/xorg/lib/libxcb/issues"
| #define PACKAGE_URL ""
| #define PACKAGE "libxcb"
| #define VERSION "1.15"
| #define HAVE_STDIO_H 1
| #define HAVE_STDLIB_H 1
| #define HAVE_STRING_H 1
| #define HAVE_INTTYPES_H 1
| #define HAVE_STDINT_H 1
| #define HAVE_STRINGS_H 1
| #define HAVE_SYS_STAT_H 1
| #define HAVE_SYS_TYPES_H 1
| #define HAVE_UNISTD_H 1
| #define HAVE_WCHAR_H 1
| /* end confdefs.h.  */
| #include <stddef.h>
| #ifdef HAVE_STDIO_H
| # include <stdio.h>
| #endif
| #ifdef HAVE_STDLIB_H
| # include <stdlib.h>
| #endif
| #ifdef HAVE_STRING_H
| # include <string.h>
| #endif
| #ifdef HAVE_INTTYPES_H
| # include <inttypes.h>
| #endif
| #ifdef HAVE_STDINT_H
| # include <stdint.h>
| #endif
| #ifdef HAVE_STRINGS_H
| # include <strings.h>
| #endif
| #ifdef HAVE_SYS_TYPES_H
| # include <sys/types.h>
| #endif
| #ifdef HAVE_SYS_STAT_H
| # include <sys/stat.h>
| #endif
| #ifdef HAVE_UNISTD_H
| # include <unistd.h>
| #endif
| #include <minix/config.h>
configure:5139: result: no
configure:5170: checking whether it is safe to define __EXTENSIONS__
configure:5189: cc -c -g -O2  conftest.c >&5
configure:5189: $? = 0
configure:5197: result: yes
configure:5200: checking whether _XOPEN_SOURCE should be defined
configure:5222: cc -c -g -O2  conftest.c >&5
configure:5222: $? = 0
configure:5249: result: no
configure:5340: checking build system type
configure:5355: result: x86_64-unknown-freebsd13.2
configure:5375: checking host system type
configure:5389: result: x86_64-unknown-freebsd13.2
configure:5430: checking how to print strings
configure:5457: result: printf
configure:5478: checking for a sed that does not truncate output
configure:5548: result: /usr/bin/sed
configure:5566: checking for grep that handles long lines and -e
configure:5630: result: /usr/bin/grep
configure:5635: checking for egrep
configure:5703: result: /usr/bin/grep -E
configure:5708: checking for fgrep
configure:5776: result: /usr/bin/grep -F
configure:5812: checking for ld used by cc
configure:5880: result: /usr/bin/ld
configure:5887: checking if the linker (/usr/bin/ld) is GNU ld
configure:5903: result: yes
configure:5915: checking for BSD- or MS-compatible name lister (nm)
configure:5970: result: /usr/local/bin/nm -B
configure:6110: checking the name lister (/usr/local/bin/nm -B) interface
configure:6118: cc -c -g -O2  conftest.c >&5
configure:6121: /usr/local/bin/nm -B "conftest.o"
configure:6124: output
0000000000000000 B some_variable
configure:6131: result: BSD nm
configure:6134: checking whether ln -s works
configure:6138: result: yes
configure:6146: checking the maximum length of command line arguments
configure:6283: result: 393216
configure:6331: checking how to convert x86_64-unknown-freebsd13.2 file names to x86_64-unknown-freebsd13.2 format
configure:6372: result: func_convert_file_noop
configure:6379: checking how to convert x86_64-unknown-freebsd13.2 file names to toolchain format
configure:6400: result: func_convert_file_noop
configure:6407: checking for /usr/bin/ld option to reload object files
configure:6415: result: -r
configure:6494: checking for objdump
configure:6515: found /usr/local/bin/objdump
configure:6526: result: objdump
configure:6555: checking how to recognize dependent libraries
configure:6756: result: pass_all
configure:6846: checking for dlltool
configure:6881: result: no
configure:6908: checking how to associate runtime and link libraries
configure:6936: result: printf %s\n
configure:7001: checking for ar
configure:7022: found /usr/bin/ar
configure:7033: result: ar
configure:7070: checking for archiver @FILE support
configure:7088: cc -c -g -O2  conftest.c >&5
configure:7088: $? = 0
configure:7092: ar cru libconftest.a @conftest.lst >&5
ar: warning: can't open file: @conftest.lst: No such file or directory
configure:7095: $? = 1
configure:7115: result: no
configure:7178: checking for strip
configure:7199: found /usr/bin/strip
configure:7210: result: strip
configure:7287: checking for ranlib
configure:7308: found /usr/bin/ranlib
configure:7319: result: ranlib
configure:7421: checking command to parse /usr/local/bin/nm -B output from cc object
configure:7575: cc -c -g -O2  conftest.c >&5
configure:7578: $? = 0
configure:7582: /usr/local/bin/nm -B conftest.o \| sed -n -e 's/^.*[ ]\([ABCDGIRSTW][ABCDGIRSTW]*\)[ ][ ]*\([_A-Za-z][_A-Za-z0-9]*\)$/\1 \2 \2/p' | sed '/ __gnu_lto/d' \> conftest.nm
configure:7585: $? = 0
configure:7651: cc -o conftest -g -O2   conftest.c conftstm.o >&5
configure:7654: $? = 0
configure:7692: result: ok
configure:7739: checking for sysroot
configure:7770: result: no
configure:7777: checking for a working dd
configure:7821: result: /bin/dd
configure:7825: checking how to truncate binary pipes
configure:7841: result: /bin/dd bs=4096 count=1
configure:8178: checking for mt
configure:8199: found /usr/bin/mt
configure:8210: result: mt
configure:8233: checking if mt is a manifest tool
configure:8240: mt '-?'
mt: illegal option -- ?
usage: mt [-f device] command [count]
configure:8248: result: no
configure:8974: checking for dlfcn.h
configure:8974: cc -c -g -O2  conftest.c >&5
configure:8974: $? = 0
configure:8974: result: yes
configure:9561: checking for objdir
configure:9577: result: .libs
configure:9841: checking if cc supports -fno-rtti -fno-exceptions
configure:9860: cc -c -g -O2  -fno-rtti -fno-exceptions conftest.c >&5
configure:9864: $? = 0
configure:9877: result: yes
configure:10235: checking for cc option to produce PIC
configure:10243: result: -fPIC -DPIC
configure:10251: checking if cc PIC flag -fPIC -DPIC works
configure:10270: cc -c -g -O2  -fPIC -DPIC -DPIC conftest.c >&5
configure:10274: $? = 0
configure:10287: result: yes
configure:10316: checking if cc static flag -static works
configure:10345: result: yes
configure:10360: checking if cc supports -c -o file.o
configure:10382: cc -c -g -O2  -o out/conftest2.o conftest.c >&5
configure:10386: $? = 0
configure:10408: result: yes
configure:10416: checking if cc supports -c -o file.o
configure:10464: result: yes
configure:10497: checking whether the cc linker (/usr/bin/ld) supports shared libraries
configure:11763: result: yes
configure:11800: checking whether -lc should be explicitly linked in
configure:11809: cc -c -g -O2  conftest.c >&5
configure:11812: $? = 0
configure:11827: cc -shared  -fPIC -DPIC conftest.o  -v -Wl,-soname -Wl,conftest -o conftest 2\>\&1 \| /usr/bin/grep  -lc  \>/dev/null 2\>\&1
configure:11830: $? = 0
configure:11844: result: no
configure:12004: checking dynamic linker characteristics
configure:12838: result: freebsd13.2 ld.so
configure:12960: checking how to hardcode library paths into programs
configure:12985: result: immediate
configure:13537: checking whether stripping libraries is possible
configure:13559: result: no
configure:13577: checking if libtool supports shared libraries
configure:13579: result: yes
configure:13582: checking whether to build shared libraries
configure:13607: result: yes
configure:13610: checking whether to build static libraries
configure:13614: result: yes
configure:13665: checking for cc options needed to detect all undeclared functions
configure:13687: cc -c -g -O2   conftest.c >&5
conftest.c:44:8: warning: implicitly declaring library function 'strchr' with type 'char *(const char *, int)' [-Wimplicit-function-declaration]
(void) strchr;
       ^
conftest.c:44:8: note: include the header <string.h> or explicitly provide a declaration for 'strchr'
1 warning generated.
configure:13687: $? = 0
configure:13687: cc -c -g -O2 -fno-builtin  conftest.c >&5
conftest.c:44:8: error: use of undeclared identifier 'strchr'
(void) strchr;
       ^
1 error generated.
configure:13687: $? = 1
configure: failed program was:
| /* confdefs.h */
| #define PACKAGE_NAME "libxcb"
| #define PACKAGE_TARNAME "libxcb"
| #define PACKAGE_VERSION "1.15"
| #define PACKAGE_STRING "libxcb 1.15"
| #define PACKAGE_BUGREPORT "https://gitlab.freedesktop.org/xorg/lib/libxcb/issues"
| #define PACKAGE_URL ""
| #define PACKAGE "libxcb"
| #define VERSION "1.15"
| #define HAVE_STDIO_H 1
| #define HAVE_STDLIB_H 1
| #define HAVE_STRING_H 1
| #define HAVE_INTTYPES_H 1
| #define HAVE_STDINT_H 1
| #define HAVE_STRINGS_H 1
| #define HAVE_SYS_STAT_H 1
| #define HAVE_SYS_TYPES_H 1
| #define HAVE_UNISTD_H 1
| #define HAVE_WCHAR_H 1
| #define STDC_HEADERS 1
| #define _ALL_SOURCE 1
| #define _DARWIN_C_SOURCE 1
| #define _GNU_SOURCE 1
| #define _HPUX_ALT_XOPEN_SOCKET_API 1
| #define _NETBSD_SOURCE 1
| #define _OPENBSD_SOURCE 1
| #define _POSIX_PTHREAD_SEMANTICS 1
| #define __STDC_WANT_IEC_60559_ATTRIBS_EXT__ 1
| #define __STDC_WANT_IEC_60559_BFP_EXT__ 1
| #define __STDC_WANT_IEC_60559_DFP_EXT__ 1
| #define __STDC_WANT_IEC_60559_FUNCS_EXT__ 1
| #define __STDC_WANT_IEC_60559_TYPES_EXT__ 1
| #define __STDC_WANT_LIB_EXT2__ 1
| #define __STDC_WANT_MATH_SPEC_FUNCS__ 1
| #define _TANDEM_SOURCE 1
| #define __EXTENSIONS__ 1
| #define HAVE_DLFCN_H 1
| #define LT_OBJDIR ".libs/"
| /* end confdefs.h.  */
| 
| int
| main (void)
| {
| (void) strchr;
|   ;
|   return 0;
| }
configure:13714: cc -c -g -O2 -fno-builtin  conftest.c >&5
configure:13714: $? = 0
configure:13731: result: -fno-builtin
configure:13749: checking whether __clang__ is declared
configure:13749: cc -c -g -O2 -fno-builtin  conftest.c >&5
configure:13749: $? = 0
configure:13749: result: yes
configure:13756: checking whether __INTEL_COMPILER is declared
configure:13756: cc -c -g -O2 -fno-builtin  conftest.c >&5
conftest.c:75:10: error: use of undeclared identifier '__INTEL_COMPILER'
  (void) __INTEL_COMPILER;
         ^
1 error generated.
configure:13756: $? = 1
configure: failed program was:
| /* confdefs.h */
| #define PACKAGE_NAME "libxcb"
| #define PACKAGE_TARNAME "libxcb"
| #define PACKAGE_VERSION "1.15"
| #define PACKAGE_STRING "libxcb 1.15"
| #define PACKAGE_BUGREPORT "https://gitlab.freedesktop.org/xorg/lib/libxcb/issues"
| #define PACKAGE_URL ""
| #define PACKAGE "libxcb"
| #define VERSION "1.15"
| #define HAVE_STDIO_H 1
| #define HAVE_STDLIB_H 1
| #define HAVE_STRING_H 1
| #define HAVE_INTTYPES_H 1
| #define HAVE_STDINT_H 1
| #define HAVE_STRINGS_H 1
| #define HAVE_SYS_STAT_H 1
| #define HAVE_SYS_TYPES_H 1
| #define HAVE_UNISTD_H 1
| #define HAVE_WCHAR_H 1
| #define STDC_HEADERS 1
| #define _ALL_SOURCE 1
| #define _DARWIN_C_SOURCE 1
| #define _GNU_SOURCE 1
| #define _HPUX_ALT_XOPEN_SOCKET_API 1
| #define _NETBSD_SOURCE 1
| #define _OPENBSD_SOURCE 1
| #define _POSIX_PTHREAD_SEMANTICS 1
| #define __STDC_WANT_IEC_60559_ATTRIBS_EXT__ 1
| #define __STDC_WANT_IEC_60559_BFP_EXT__ 1
| #define __STDC_WANT_IEC_60559_DFP_EXT__ 1
| #define __STDC_WANT_IEC_60559_FUNCS_EXT__ 1
| #define __STDC_WANT_IEC_60559_TYPES_EXT__ 1
| #define __STDC_WANT_LIB_EXT2__ 1
| #define __STDC_WANT_MATH_SPEC_FUNCS__ 1
| #define _TANDEM_SOURCE 1
| #define __EXTENSIONS__ 1
| #define HAVE_DLFCN_H 1
| #define LT_OBJDIR ".libs/"
| /* end confdefs.h.  */
| #include <stddef.h>
| #ifdef HAVE_STDIO_H
| # include <stdio.h>
| #endif
| #ifdef HAVE_STDLIB_H
| # include <stdlib.h>
| #endif
| #ifdef HAVE_STRING_H
| # include <string.h>
| #endif
| #ifdef HAVE_INTTYPES_H
| # include <inttypes.h>
| #endif
| #ifdef HAVE_STDINT_H
| # include <stdint.h>
| #endif
| #ifdef HAVE_STRINGS_H
| # include <strings.h>
| #endif
| #ifdef HAVE_SYS_TYPES_H
| # include <sys/types.h>
| #endif
| #ifdef HAVE_SYS_STAT_H
| # include <sys/stat.h>
| #endif
| #ifdef HAVE_UNISTD_H
| # include <unistd.h>
| #endif
| int
| main (void)
| {
| #ifndef __INTEL_COMPILER
| #ifdef __cplusplus
|   (void) __INTEL_COMPILER;
| #else
|   (void) __INTEL_COMPILER;
| #endif
| #endif
| 
|   ;
|   return 0;
| }
configure:13756: result: no
configure:13763: checking whether __SUNPRO_C is declared
configure:13763: cc -c -g -O2 -fno-builtin  conftest.c >&5
conftest.c:75:10: error: use of undeclared identifier '__SUNPRO_C'
  (void) __SUNPRO_C;
         ^
1 error generated.
configure:13763: $? = 1
configure: failed program was:
| /* confdefs.h */
| #define PACKAGE_NAME "libxcb"
| #define PACKAGE_TARNAME "libxcb"
| #define PACKAGE_VERSION "1.15"
| #define PACKAGE_STRING "libxcb 1.15"
| #define PACKAGE_BUGREPORT "https://gitlab.freedesktop.org/xorg/lib/libxcb/issues"
| #define PACKAGE_URL ""
| #define PACKAGE "libxcb"
| #define VERSION "1.15"
| #define HAVE_STDIO_H 1
| #define HAVE_STDLIB_H 1
| #define HAVE_STRING_H 1
| #define HAVE_INTTYPES_H 1
| #define HAVE_STDINT_H 1
| #define HAVE_STRINGS_H 1
| #define HAVE_SYS_STAT_H 1
| #define HAVE_SYS_TYPES_H 1
| #define HAVE_UNISTD_H 1
| #define HAVE_WCHAR_H 1
| #define STDC_HEADERS 1
| #define _ALL_SOURCE 1
| #define _DARWIN_C_SOURCE 1
| #define _GNU_SOURCE 1
| #define _HPUX_ALT_XOPEN_SOCKET_API 1
| #define _NETBSD_SOURCE 1
| #define _OPENBSD_SOURCE 1
| #define _POSIX_PTHREAD_SEMANTICS 1
| #define __STDC_WANT_IEC_60559_ATTRIBS_EXT__ 1
| #define __STDC_WANT_IEC_60559_BFP_EXT__ 1
| #define __STDC_WANT_IEC_60559_DFP_EXT__ 1
| #define __STDC_WANT_IEC_60559_FUNCS_EXT__ 1
| #define __STDC_WANT_IEC_60559_TYPES_EXT__ 1
| #define __STDC_WANT_LIB_EXT2__ 1
| #define __STDC_WANT_MATH_SPEC_FUNCS__ 1
| #define _TANDEM_SOURCE 1
| #define __EXTENSIONS__ 1
| #define HAVE_DLFCN_H 1
| #define LT_OBJDIR ".libs/"
| /* end confdefs.h.  */
| #include <stddef.h>
| #ifdef HAVE_STDIO_H
| # include <stdio.h>
| #endif
| #ifdef HAVE_STDLIB_H
| # include <stdlib.h>
| #endif
| #ifdef HAVE_STRING_H
| # include <string.h>
| #endif
| #ifdef HAVE_INTTYPES_H
| # include <inttypes.h>
| #endif
| #ifdef HAVE_STDINT_H
| # include <stdint.h>
| #endif
| #ifdef HAVE_STRINGS_H
| # include <strings.h>
| #endif
| #ifdef HAVE_SYS_TYPES_H
| # include <sys/types.h>
| #endif
| #ifdef HAVE_SYS_STAT_H
| # include <sys/stat.h>
| #endif
| #ifdef HAVE_UNISTD_H
| # include <unistd.h>
| #endif
| int
| main (void)
| {
| #ifndef __SUNPRO_C
| #ifdef __cplusplus
|   (void) __SUNPRO_C;
| #else
|   (void) __SUNPRO_C;
| #endif
| #endif
| 
|   ;
|   return 0;
| }
configure:13763: result: no
configure:13830: checking for pkg-config
configure:13853: found /usr/local/bin/pkg-config
configure:13865: result: /usr/local/bin/pkg-config
configure:13890: checking pkg-config is at least version 0.9.0
configure:13893: result: yes
configure:13943: checking if cc supports -Werror=unknown-warning-option
configure:13953: cc -c -g -O2 -Werror=unknown-warning-option  conftest.c >&5
configure:13953: $? = 0
configure:13961: result: yes
configure:13972: checking if cc supports -Werror=unused-command-line-argument
configure:13982: cc -c -g -O2 -Werror=unknown-warning-option -Werror=unused-command-line-argument  conftest.c >&5
configure:13982: $? = 0
configure:13990: result: yes
configure:14009: checking if cc supports -Wall
configure:14027: cc -o conftest -g -O2 -Werror=unknown-warning-option -Werror=unused-command-line-argument -Wall   conftest.c  >&5
configure:14027: $? = 0
configure:14041: result: yes
configure:14133: checking if cc supports -Wpointer-arith
configure:14151: cc -o conftest -g -O2 -Werror=unknown-warning-option -Werror=unused-command-line-argument -Wpointer-arith   conftest.c  >&5
configure:14151: $? = 0
configure:14165: result: yes
configure:14257: checking if cc supports -Wmissing-declarations
configure:14275: cc -o conftest -g -O2 -Werror=unknown-warning-option -Werror=unused-command-line-argument -Wmissing-declarations   conftest.c  >&5
configure:14275: $? = 0
configure:14289: result: yes
configure:14381: checking if cc supports -Wformat=2
configure:14399: cc -o conftest -g -O2 -Werror=unknown-warning-option -Werror=unused-command-line-argument -Wformat=2   conftest.c  >&5
configure:14399: $? = 0
configure:14413: result: yes
configure:14558: checking if cc supports -Wstrict-prototypes
configure:14576: cc -o conftest -g -O2 -Werror=unknown-warning-option -Werror=unused-command-line-argument -Wstrict-prototypes   conftest.c  >&5
configure:14576: $? = 0
configure:14590: result: yes
configure:14682: checking if cc supports -Wmissing-prototypes
configure:14700: cc -o conftest -g -O2 -Werror=unknown-warning-option -Werror=unused-command-line-argument -Wmissing-prototypes   conftest.c  >&5
configure:14700: $? = 0
configure:14714: result: yes
configure:14806: checking if cc supports -Wnested-externs
configure:14824: cc -o conftest -g -O2 -Werror=unknown-warning-option -Werror=unused-command-line-argument -Wnested-externs   conftest.c  >&5
configure:14824: $? = 0
configure:14838: result: yes
configure:14930: checking if cc supports -Wbad-function-cast
configure:14948: cc -o conftest -g -O2 -Werror=unknown-warning-option -Werror=unused-command-line-argument -Wbad-function-cast   conftest.c  >&5
configure:14948: $? = 0
configure:14962: result: yes
configure:15054: checking if cc supports -Wold-style-definition
configure:15072: cc -o conftest -g -O2 -Werror=unknown-warning-option -Werror=unused-command-line-argument -Wold-style-definition   conftest.c  >&5
configure:15072: $? = 0
configure:15086: result: yes
configure:15229: checking if cc supports -Wdeclaration-after-statement
configure:15247: cc -o conftest -g -O2 -Werror=unknown-warning-option -Werror=unused-command-line-argument -Wdeclaration-after-statement   conftest.c  >&5
configure:15247: $? = 0
configure:15261: result: yes
configure:15357: checking if cc supports -Wunused
configure:15375: cc -o conftest -g -O2 -Werror=unknown-warning-option -Werror=unused-command-line-argument -Wunused   conftest.c  >&5
configure:15375: $? = 0
configure:15389: result: yes
configure:15481: checking if cc supports -Wuninitialized
configure:15499: cc -o conftest -g -O2 -Werror=unknown-warning-option -Werror=unused-command-line-argument -Wuninitialized   conftest.c  >&5
configure:15499: $? = 0
configure:15513: result: yes
configure:15605: checking if cc supports -Wshadow
configure:15623: cc -o conftest -g -O2 -Werror=unknown-warning-option -Werror=unused-command-line-argument -Wshadow   conftest.c  >&5
configure:15623: $? = 0
configure:15637: result: yes
configure:15729: checking if cc supports -Wmissing-noreturn
configure:15747: cc -o conftest -g -O2 -Werror=unknown-warning-option -Werror=unused-command-line-argument -Wmissing-noreturn   conftest.c  >&5
configure:15747: $? = 0
configure:15761: result: yes
configure:15853: checking if cc supports -Wmissing-format-attribute
configure:15871: cc -o conftest -g -O2 -Werror=unknown-warning-option -Werror=unused-command-line-argument -Wmissing-format-attribute   conftest.c  >&5
configure:15871: $? = 0
configure:15885: result: yes
configure:15977: checking if cc supports -Wredundant-decls
configure:15995: cc -o conftest -g -O2 -Werror=unknown-warning-option -Werror=unused-command-line-argument -Wredundant-decls   conftest.c  >&5
configure:15995: $? = 0
configure:16009: result: yes
configure:16101: checking if cc supports -Wlogical-op
configure:16119: cc -o conftest -g -O2 -Werror=unknown-warning-option -Werror=unused-command-line-argument -Wlogical-op   conftest.c  >&5
error: unknown warning option '-Wlogical-op'; did you mean '-Wlong-long'? [-Werror,-Wunknown-warning-option]
configure:16119: $? = 1
configure: failed program was:
| /* confdefs.h */
| #define PACKAGE_NAME "libxcb"
| #define PACKAGE_TARNAME "libxcb"
| #define PACKAGE_VERSION "1.15"
| #define PACKAGE_STRING "libxcb 1.15"
| #define PACKAGE_BUGREPORT "https://gitlab.freedesktop.org/xorg/lib/libxcb/issues"
| #define PACKAGE_URL ""
| #define PACKAGE "libxcb"
| #define VERSION "1.15"
| #define HAVE_STDIO_H 1
| #define HAVE_STDLIB_H 1
| #define HAVE_STRING_H 1
| #define HAVE_INTTYPES_H 1
| #define HAVE_STDINT_H 1
| #define HAVE_STRINGS_H 1
| #define HAVE_SYS_STAT_H 1
| #define HAVE_SYS_TYPES_H 1
| #define HAVE_UNISTD_H 1
| #define HAVE_WCHAR_H 1
| #define STDC_HEADERS 1
| #define _ALL_SOURCE 1
| #define _DARWIN_C_SOURCE 1
| #define _GNU_SOURCE 1
| #define _HPUX_ALT_XOPEN_SOCKET_API 1
| #define _NETBSD_SOURCE 1
| #define _OPENBSD_SOURCE 1
| #define _POSIX_PTHREAD_SEMANTICS 1
| #define __STDC_WANT_IEC_60559_ATTRIBS_EXT__ 1
| #define __STDC_WANT_IEC_60559_BFP_EXT__ 1
| #define __STDC_WANT_IEC_60559_DFP_EXT__ 1
| #define __STDC_WANT_IEC_60559_FUNCS_EXT__ 1
| #define __STDC_WANT_IEC_60559_TYPES_EXT__ 1
| #define __STDC_WANT_LIB_EXT2__ 1
| #define __STDC_WANT_MATH_SPEC_FUNCS__ 1
| #define _TANDEM_SOURCE 1
| #define __EXTENSIONS__ 1
| #define HAVE_DLFCN_H 1
| #define LT_OBJDIR ".libs/"
| /* end confdefs.h.  */
| int i;
| int
| main (void)
| {
| 
|   ;
|   return 0;
| }
configure:16133: result: no
configure:16237: checking if cc supports -Werror=implicit
configure:16255: cc -o conftest -g -O2 -Werror=unknown-warning-option -Werror=unused-command-line-argument -Werror=implicit   conftest.c  >&5
configure:16255: $? = 0
configure:16269: result: yes
configure:16412: checking if cc supports -Werror=nonnull
configure:16430: cc -o conftest -g -O2 -Werror=unknown-warning-option -Werror=unused-command-line-argument -Werror=nonnull   conftest.c  >&5
configure:16430: $? = 0
configure:16444: result: yes
configure:16536: checking if cc supports -Werror=init-self
configure:16554: cc -o conftest -g -O2 -Werror=unknown-warning-option -Werror=unused-command-line-argument -Werror=init-self   conftest.c  >&5
configure:16554: $? = 0
configure:16568: result: yes
configure:16660: checking if cc supports -Werror=main
configure:16678: cc -o conftest -g -O2 -Werror=unknown-warning-option -Werror=unused-command-line-argument -Werror=main   conftest.c  >&5
configure:16678: $? = 0
configure:16692: result: yes
configure:16784: checking if cc supports -Werror=missing-braces
configure:16802: cc -o conftest -g -O2 -Werror=unknown-warning-option -Werror=unused-command-line-argument -Werror=missing-braces   conftest.c  >&5
configure:16802: $? = 0
configure:16816: result: yes
configure:16908: checking if cc supports -Werror=sequence-point
configure:16926: cc -o conftest -g -O2 -Werror=unknown-warning-option -Werror=unused-command-line-argument -Werror=sequence-point   conftest.c  >&5
configure:16926: $? = 0
configure:16940: result: yes
configure:17032: checking if cc supports -Werror=return-type
configure:17050: cc -o conftest -g -O2 -Werror=unknown-warning-option -Werror=unused-command-line-argument -Werror=return-type   conftest.c  >&5
configure:17050: $? = 0
configure:17064: result: yes
configure:17207: checking if cc supports -Werror=trigraphs
configure:17225: cc -o conftest -g -O2 -Werror=unknown-warning-option -Werror=unused-command-line-argument -Werror=trigraphs   conftest.c  >&5
configure:17225: $? = 0
configure:17239: result: yes
configure:17331: checking if cc supports -Werror=array-bounds
configure:17349: cc -o conftest -g -O2 -Werror=unknown-warning-option -Werror=unused-command-line-argument -Werror=array-bounds   conftest.c  >&5
configure:17349: $? = 0
configure:17363: result: yes
configure:17455: checking if cc supports -Werror=write-strings
configure:17473: cc -o conftest -g -O2 -Werror=unknown-warning-option -Werror=unused-command-line-argument -Werror=write-strings   conftest.c  >&5
configure:17473: $? = 0
configure:17487: result: yes
configure:17579: checking if cc supports -Werror=address
configure:17597: cc -o conftest -g -O2 -Werror=unknown-warning-option -Werror=unused-command-line-argument -Werror=address   conftest.c  >&5
configure:17597: $? = 0
configure:17611: result: yes
configure:17703: checking if cc supports -Werror=int-to-pointer-cast
configure:17721: cc -o conftest -g -O2 -Werror=unknown-warning-option -Werror=unused-command-line-argument -Werror=int-to-pointer-cast   conftest.c  >&5
configure:17721: $? = 0
configure:17735: result: yes
configure:17878: checking if cc supports -Werror=pointer-to-int-cast
configure:17896: cc -o conftest -g -O2 -Werror=unknown-warning-option -Werror=unused-command-line-argument -Werror=pointer-to-int-cast   conftest.c  >&5
configure:17896: $? = 0
configure:17910: result: yes
configure:19651: checking if cc supports -pedantic
configure:19669: cc -o conftest -g -O2 -Werror=unknown-warning-option -Werror=unused-command-line-argument -pedantic   conftest.c  >&5
configure:19669: $? = 0
configure:19683: result: yes
configure:19775: checking if cc supports -Werror
configure:19793: cc -o conftest -g -O2 -Werror=unknown-warning-option -Werror=unused-command-line-argument -Werror   conftest.c  >&5
configure:19793: $? = 0
configure:19807: result: yes
configure:19953: checking if cc supports -Werror=attributes
configure:19971: cc -o conftest -g -O2 -Werror=unknown-warning-option -Werror=unused-command-line-argument -Werror=attributes   conftest.c  >&5
configure:19971: $? = 0
configure:19985: result: yes
configure:20176: checking whether make supports nested variables
configure:20194: result: yes
configure:20225: checking whether to build developer documentation
configure:20227: result: yes
configure:20432: WARNING: dot not found - doxygen targets will be skipped
configure:20438: checking for CHECK
configure:20445: $PKG_CONFIG --exists --print-errors "check >= 0.9.6"
configure:20448: $? = 0
configure:20462: $PKG_CONFIG --exists --print-errors "check >= 0.9.6"
configure:20465: $? = 0
configure:20503: result: yes
configure:20521: checking for xsltproc
configure:20544: found /usr/local/bin/xsltproc
configure:20557: result: /usr/local/bin/xsltproc
configure:20574: checking for XCBPROTO
configure:20581: $PKG_CONFIG --exists --print-errors "xcb-proto >= 1.14"
configure:20584: $? = 0
configure:20598: $PKG_CONFIG --exists --print-errors "xcb-proto >= 1.14"
configure:20601: $? = 0
configure:20659: result: yes
configure:20670: checking for NEEDED
configure:20677: $PKG_CONFIG --exists --print-errors "$NEEDED"
Package pthread-stubs was not found in the pkg-config search path.
Perhaps you should add the directory containing `pthread-stubs.pc'
to the PKG_CONFIG_PATH environment variable
Package 'pthread-stubs', required by 'virtual:world', not found
configure:20680: $? = 1
configure:20694: $PKG_CONFIG --exists --print-errors "$NEEDED"
Package pthread-stubs was not found in the pkg-config search path.
Perhaps you should add the directory containing `pthread-stubs.pc'
to the PKG_CONFIG_PATH environment variable
Package 'pthread-stubs', required by 'virtual:world', not found
configure:20697: $? = 1
configure:20711: result: no
Package 'pthread-stubs', required by 'virtual:world', not found
configure:20736: error: Package requirements (xau >= 0.99.2 pthread-stubs) were not met:

Package 'pthread-stubs', required by 'virtual:world', not found

Consider adjusting the PKG_CONFIG_PATH environment variable if you
installed software in a non-standard prefix.

Alternatively, you may set the environment variables NEEDED_CFLAGS
and NEEDED_LIBS to avoid the need to call pkg-config.
See the pkg-config man page for more details.

## ---------------- ##
## Cache variables. ##
## ---------------- ##

ac_cv_build=x86_64-unknown-freebsd13.2
ac_cv_c_compiler_gnu=yes
ac_cv_c_undeclared_builtin_options=-fno-builtin
ac_cv_env_CC_set=''
ac_cv_env_CC_value=''
ac_cv_env_CFLAGS_set=''
ac_cv_env_CFLAGS_value=''
ac_cv_env_CHECK_CFLAGS_set=''
ac_cv_env_CHECK_CFLAGS_value=''
ac_cv_env_CHECK_LIBS_set=''
ac_cv_env_CHECK_LIBS_value=''
ac_cv_env_CPPFLAGS_set=''
ac_cv_env_CPPFLAGS_value=''
ac_cv_env_DOT_set=''
ac_cv_env_DOT_value=''
ac_cv_env_DOXYGEN_set=''
ac_cv_env_DOXYGEN_value=''
ac_cv_env_LDFLAGS_set=''
ac_cv_env_LDFLAGS_value=''
ac_cv_env_LIBS_set=''
ac_cv_env_LIBS_value=''
ac_cv_env_LT_SYS_LIBRARY_PATH_set=''
ac_cv_env_LT_SYS_LIBRARY_PATH_value=''
ac_cv_env_NEEDED_CFLAGS_set=''
ac_cv_env_NEEDED_CFLAGS_value=''
ac_cv_env_NEEDED_LIBS_set=''
ac_cv_env_NEEDED_LIBS_value=''
ac_cv_env_PKG_CONFIG_LIBDIR_set=''
ac_cv_env_PKG_CONFIG_LIBDIR_value=''
ac_cv_env_PKG_CONFIG_PATH_set=''
ac_cv_env_PKG_CONFIG_PATH_value=''
ac_cv_env_PKG_CONFIG_set=''
ac_cv_env_PKG_CONFIG_value=''
ac_cv_env_PYTHON_set=''
ac_cv_env_PYTHON_value=''
ac_cv_env_XCBPROTO_CFLAGS_set=''
ac_cv_env_XCBPROTO_CFLAGS_value=''
ac_cv_env_XCBPROTO_LIBS_set=''
ac_cv_env_XCBPROTO_LIBS_value=''
ac_cv_env_XDMCP_CFLAGS_set=''
ac_cv_env_XDMCP_CFLAGS_value=''
ac_cv_env_XDMCP_LIBS_set=''
ac_cv_env_XDMCP_LIBS_value=''
ac_cv_env_build_alias_set=''
ac_cv_env_build_alias_value=''
ac_cv_env_host_alias_set=''
ac_cv_env_host_alias_value=''
ac_cv_env_target_alias_set=''
ac_cv_env_target_alias_value=''
ac_cv_have_decl___INTEL_COMPILER=no
ac_cv_have_decl___SUNPRO_C=no
ac_cv_have_decl___clang__=yes
ac_cv_header_dlfcn_h=yes
ac_cv_header_inttypes_h=yes
ac_cv_header_minix_config_h=no
ac_cv_header_stdint_h=yes
ac_cv_header_stdio_h=yes
ac_cv_header_stdlib_h=yes
ac_cv_header_string_h=yes
ac_cv_header_strings_h=yes
ac_cv_header_sys_stat_h=yes
ac_cv_header_sys_types_h=yes
ac_cv_header_unistd_h=yes
ac_cv_header_wchar_h=yes
ac_cv_host=x86_64-unknown-freebsd13.2
ac_cv_objext=o
ac_cv_path_EGREP='/usr/bin/grep -E'
ac_cv_path_FGREP='/usr/bin/grep -F'
ac_cv_path_GREP=/usr/bin/grep
ac_cv_path_PYTHON=/usr/local/bin/python3
ac_cv_path_SED=/usr/bin/sed
ac_cv_path_XSLTPROC=/usr/local/bin/xsltproc
ac_cv_path_ac_pt_PKG_CONFIG=/usr/local/bin/pkg-config
ac_cv_path_install='/usr/bin/install -c'
ac_cv_path_lt_DD=/bin/dd
ac_cv_path_mkdir=/usr/local/bin/gmkdir
ac_cv_prog_AWK=nawk
ac_cv_prog_CC=cc
ac_cv_prog_ac_ct_AR=ar
ac_cv_prog_ac_ct_MANIFEST_TOOL=mt
ac_cv_prog_ac_ct_OBJDUMP=objdump
ac_cv_prog_ac_ct_RANLIB=ranlib
ac_cv_prog_ac_ct_STRIP=strip
ac_cv_prog_cc_c11=''
ac_cv_prog_cc_g=yes
ac_cv_prog_cc_stdc=''
ac_cv_prog_make_make_set=yes
ac_cv_safe_to_define___extensions__=yes
ac_cv_should_define__xopen_source=no
am_cv_CC_dependencies_compiler_type=gcc3
am_cv_make_support_nested_variables=yes
am_cv_pathless_PYTHON=python3
am_cv_prog_cc_c_o=yes
am_cv_python_platform=freebsd13
am_cv_python_pyexecdir='${PYTHON_EXEC_PREFIX}/lib/python3.9/site-packages'
am_cv_python_pythondir='${PYTHON_PREFIX}/lib/python3.9/site-packages'
am_cv_python_version=3.9
lt_cv_ar_at_file=no
lt_cv_archive_cmds_need_lc=no
lt_cv_deplibs_check_method=pass_all
lt_cv_file_magic_cmd='$MAGIC_CMD'
lt_cv_file_magic_test_file=''
lt_cv_ld_reload_flag=-r
lt_cv_nm_interface='BSD nm'
lt_cv_objdir=.libs
lt_cv_path_LD=/usr/bin/ld
lt_cv_path_NM='/usr/local/bin/nm -B'
lt_cv_path_mainfest_tool=no
lt_cv_prog_compiler_c_o=yes
lt_cv_prog_compiler_pic='-fPIC -DPIC'
lt_cv_prog_compiler_pic_works=yes
lt_cv_prog_compiler_rtti_exceptions=yes
lt_cv_prog_compiler_static_works=yes
lt_cv_prog_gnu_ld=yes
lt_cv_sharedlib_from_linklib_cmd='printf %s\n'
lt_cv_sys_global_symbol_pipe=$'sed -n -e \'s/^.*[\t ]\\([ABCDGIRSTW][ABCDGIRSTW]*\\)[\t ][\t ]*\\([_A-Za-z][_A-Za-z0-9]*\\)$/\\1 \\2 \\2/p\' | sed \'/ __gnu_lto/d\''
lt_cv_sys_global_symbol_to_c_name_address=$'sed -n -e \'s/^: \\(.*\\) .*$/  {"\\1", (void *) 0},/p\' -e \'s/^[ABCDGIRSTW][ABCDGIRSTW]* .* \\(.*\\)$/  {"\\1", (void *) \\&\\1},/p\''
lt_cv_sys_global_symbol_to_c_name_address_lib_prefix=$'sed -n -e \'s/^: \\(.*\\) .*$/  {"\\1", (void *) 0},/p\' -e \'s/^[ABCDGIRSTW][ABCDGIRSTW]* .* \\(lib.*\\)$/  {"\\1", (void *) \\&\\1},/p\' -e \'s/^[ABCDGIRSTW][ABCDGIRSTW]* .* \\(.*\\)$/  {"lib\\1", (void *) \\&\\1},/p\''
lt_cv_sys_global_symbol_to_cdecl=$'sed -n -e \'s/^T .* \\(.*\\)$/extern int \\1();/p\' -e \'s/^[ABCDGIRSTW][ABCDGIRSTW]* .* \\(.*\\)$/extern char \\1;/p\''
lt_cv_sys_global_symbol_to_import=''
lt_cv_sys_max_cmd_len=393216
lt_cv_to_host_file_cmd=func_convert_file_noop
lt_cv_to_tool_file_cmd=func_convert_file_noop
lt_cv_truncate_bin='/bin/dd bs=4096 count=1'
pkg_cv_CHECK_CFLAGS='-I/usr/local/include -D_THREAD_SAFE -pthread '
pkg_cv_CHECK_LIBS='-L/usr/local/lib -lcheck '
pkg_cv_XCBPROTO_CFLAGS=''
pkg_cv_XCBPROTO_LIBS=''
xorg_cv_cc_flag__Wall=yes
xorg_cv_cc_flag__Wbad_function_cast=yes
xorg_cv_cc_flag__Wdeclaration_after_statement=yes
xorg_cv_cc_flag__Werror=yes
xorg_cv_cc_flag__Werror_address=yes
xorg_cv_cc_flag__Werror_array_bounds=yes
xorg_cv_cc_flag__Werror_attributes=yes
xorg_cv_cc_flag__Werror_implicit=yes
xorg_cv_cc_flag__Werror_init_self=yes
xorg_cv_cc_flag__Werror_int_to_pointer_cast=yes
xorg_cv_cc_flag__Werror_main=yes
xorg_cv_cc_flag__Werror_missing_braces=yes
xorg_cv_cc_flag__Werror_nonnull=yes
xorg_cv_cc_flag__Werror_pointer_to_int_cast=yes
xorg_cv_cc_flag__Werror_return_type=yes
xorg_cv_cc_flag__Werror_sequence_point=yes
xorg_cv_cc_flag__Werror_trigraphs=yes
xorg_cv_cc_flag__Werror_write_strings=yes
xorg_cv_cc_flag__Wformat_2=yes
xorg_cv_cc_flag__Wlogical_op=no
xorg_cv_cc_flag__Wmissing_declarations=yes
xorg_cv_cc_flag__Wmissing_format_attribute=yes
xorg_cv_cc_flag__Wmissing_noreturn=yes
xorg_cv_cc_flag__Wmissing_prototypes=yes
xorg_cv_cc_flag__Wnested_externs=yes
xorg_cv_cc_flag__Wold_style_definition=yes
xorg_cv_cc_flag__Wpointer_arith=yes
xorg_cv_cc_flag__Wredundant_decls=yes
xorg_cv_cc_flag__Wshadow=yes
xorg_cv_cc_flag__Wstrict_prototypes=yes
xorg_cv_cc_flag__Wuninitialized=yes
xorg_cv_cc_flag__Wunused=yes
xorg_cv_cc_flag__pedantic=yes
xorg_cv_cc_flag_unknown_warning_option=yes
xorg_cv_cc_flag_unused_command_line_argument=yes

## ----------------- ##
## Output variables. ##
## ----------------- ##

ACLOCAL='${SHELL} '\''/home/vxcute/configs/libs/libxcb-1.15/build-aux/missing'\'' aclocal-1.16'
ADMIN_MAN_DIR='$(mandir)/man$(ADMIN_MAN_SUFFIX)'
ADMIN_MAN_SUFFIX='8'
AMDEPBACKSLASH='\'
AMDEP_FALSE='#'
AMDEP_TRUE=''
AMTAR='$${TAR-tar}'
AM_BACKSLASH='\'
AM_DEFAULT_V='$(AM_DEFAULT_VERBOSITY)'
AM_DEFAULT_VERBOSITY='0'
AM_V='$(V)'
APP_MAN_DIR='$(mandir)/man$(APP_MAN_SUFFIX)'
APP_MAN_SUFFIX='1'
AR='ar'
AS='as'
AUTOCONF='${SHELL} '\''/home/vxcute/configs/libs/libxcb-1.15/build-aux/missing'\'' autoconf'
AUTOHEADER='${SHELL} '\''/home/vxcute/configs/libs/libxcb-1.15/build-aux/missing'\'' autoheader'
AUTOMAKE='${SHELL} '\''/home/vxcute/configs/libs/libxcb-1.15/build-aux/missing'\'' automake-1.16'
AWK='nawk'
BASE_CFLAGS=' -Wall -Wpointer-arith -Wmissing-declarations -Wformat=2 -Wstrict-prototypes -Wmissing-prototypes -Wnested-externs -Wbad-function-cast -Wold-style-definition -Wdeclaration-after-statement -Wunused -Wuninitialized -Wshadow -Wmissing-noreturn -Wmissing-format-attribute -Wredundant-decls -Werror=implicit -Werror=nonnull -Werror=init-self -Werror=main -Werror=missing-braces -Werror=sequence-point -Werror=return-type -Werror=trigraphs -Werror=array-bounds -Werror=write-strings -Werror=address -Werror=int-to-pointer-cast -Werror=pointer-to-int-cast'
BUILD_COMPOSITE_FALSE=''
BUILD_COMPOSITE_TRUE=''
BUILD_DAMAGE_FALSE=''
BUILD_DAMAGE_TRUE=''
BUILD_DPMS_FALSE=''
BUILD_DPMS_TRUE=''
BUILD_DRI2_FALSE=''
BUILD_DRI2_TRUE=''
BUILD_DRI3_FALSE=''
BUILD_DRI3_TRUE=''
BUILD_GE_FALSE=''
BUILD_GE_TRUE=''
BUILD_GLX_FALSE=''
BUILD_GLX_TRUE=''
BUILD_PRESENT_FALSE=''
BUILD_PRESENT_TRUE=''
BUILD_RANDR_FALSE=''
BUILD_RANDR_TRUE=''
BUILD_RECORD_FALSE=''
BUILD_RECORD_TRUE=''
BUILD_RENDER_FALSE=''
BUILD_RENDER_TRUE=''
BUILD_RESOURCE_FALSE=''
BUILD_RESOURCE_TRUE=''
BUILD_SCREENSAVER_FALSE=''
BUILD_SCREENSAVER_TRUE=''
BUILD_SELINUX_FALSE=''
BUILD_SELINUX_TRUE=''
BUILD_SHAPE_FALSE=''
BUILD_SHAPE_TRUE=''
BUILD_SHM_FALSE=''
BUILD_SHM_TRUE=''
BUILD_SYNC_FALSE=''
BUILD_SYNC_TRUE=''
BUILD_XEVIE_FALSE=''
BUILD_XEVIE_TRUE=''
BUILD_XFIXES_FALSE=''
BUILD_XFIXES_TRUE=''
BUILD_XFREE86_DRI_FALSE=''
BUILD_XFREE86_DRI_TRUE=''
BUILD_XINERAMA_FALSE=''
BUILD_XINERAMA_TRUE=''
BUILD_XINPUT_FALSE=''
BUILD_XINPUT_TRUE=''
BUILD_XKB_FALSE=''
BUILD_XKB_TRUE=''
BUILD_XPRINT_FALSE=''
BUILD_XPRINT_TRUE=''
BUILD_XTEST_FALSE=''
BUILD_XTEST_TRUE=''
BUILD_XVMC_FALSE=''
BUILD_XVMC_TRUE=''
BUILD_XV_FALSE=''
BUILD_XV_TRUE=''
CC='cc'
CCDEPMODE='depmode=gcc3'
CFLAGS='-g -O2'
CHANGELOG_CMD='((GIT_DIR=$(top_srcdir)/.git git log > $(top_srcdir)/.changelog.tmp) 2>/dev/null && mv $(top_srcdir)/.changelog.tmp $(top_srcdir)/ChangeLog) || (rm -f $(top_srcdir)/.changelog.tmp; test -e $(top_srcdir)/ChangeLog || ( touch $(top_srcdir)/ChangeLog; echo '\''git failed to create ChangeLog: installing empty ChangeLog.'\'' >&2))'
CHECK_CFLAGS='-I/usr/local/include -D_THREAD_SAFE -pthread '
CHECK_LIBS='-L/usr/local/lib -lcheck '
CPPFLAGS=''
CSCOPE='cscope'
CTAGS='ctags'
CWARNFLAGS=' -Wall -Wpointer-arith -Wmissing-declarations -Wformat=2 -Wstrict-prototypes -Wmissing-prototypes -Wnested-externs -Wbad-function-cast -Wold-style-definition -Wdeclaration-after-statement -Wunused -Wuninitialized -Wshadow -Wmissing-noreturn -Wmissing-format-attribute -Wredundant-decls -Werror=implicit -Werror=nonnull -Werror=init-self -Werror=main -Werror=missing-braces -Werror=sequence-point -Werror=return-type -Werror=trigraphs -Werror=array-bounds -Werror=write-strings -Werror=address -Werror=int-to-pointer-cast -Werror=pointer-to-int-cast -fno-strict-aliasing'
CYGPATH_W='echo'
DEFS=''
DEPDIR='.deps'
DLLTOOL='false'
DOT=''
DOXYGEN=''
DRIVER_MAN_DIR='$(mandir)/man$(DRIVER_MAN_SUFFIX)'
DRIVER_MAN_SUFFIX='4'
DSYMUTIL=''
DUMPBIN=''
ECHO_C=''
ECHO_N='-n'
ECHO_T=''
EGREP='/usr/bin/grep -E'
ENABLE_DEVEL_DOCS_FALSE='#'
ENABLE_DEVEL_DOCS_TRUE=''
ETAGS='etags'
EXEEXT=''
FGREP='/usr/bin/grep -F'
FILE_MAN_DIR='$(mandir)/man$(FILE_MAN_SUFFIX)'
FILE_MAN_SUFFIX='5'
GREP='/usr/bin/grep'
HAVE_CHECK_FALSE='#'
HAVE_CHECK_TRUE=''
HAVE_DOT='no'
HAVE_DOT_FALSE=''
HAVE_DOT_TRUE='#'
HAVE_DOXYGEN_FALSE=''
HAVE_DOXYGEN_TRUE='#'
HTML_CHECK_RESULT='yes'
INSTALL_CMD='(cp -f /usr/local/share/util-macros/INSTALL $(top_srcdir)/.INSTALL.tmp && mv $(top_srcdir)/.INSTALL.tmp $(top_srcdir)/INSTALL) || (rm -f $(top_srcdir)/.INSTALL.tmp; test -e $(top_srcdir)/INSTALL || ( touch $(top_srcdir)/INSTALL; echo '\''failed to copy INSTALL from util-macros: installing empty INSTALL.'\'' >&2))'
INSTALL_DATA='${INSTALL} -m 644'
INSTALL_PROGRAM='${INSTALL}'
INSTALL_SCRIPT='${INSTALL}'
INSTALL_STRIP_PROGRAM='$(install_sh) -c -s'
LAUNCHD=''
LD='/usr/bin/ld'
LDFLAGS=''
LIBOBJS=''
LIBS=''
LIBTOOL='$(SHELL) $(top_builddir)/libtool'
LIB_MAN_DIR='$(mandir)/man$(LIB_MAN_SUFFIX)'
LIB_MAN_SUFFIX='3'
LIPO=''
LN_S='ln -s'
LTLIBOBJS=''
LT_SYS_LIBRARY_PATH=''
MAKEINFO='${SHELL} '\''/home/vxcute/configs/libs/libxcb-1.15/build-aux/missing'\'' makeinfo'
MANIFEST_TOOL=':'
MAN_SUBSTS='	-e '\''s|__vendorversion__|"$(PACKAGE_STRING)" "$(XORG_MAN_PAGE)"|'\'' 	-e '\''s|__xorgversion__|"$(PACKAGE_STRING)" "$(XORG_MAN_PAGE)"|'\'' 	-e '\''s|__xservername__|Xorg|g'\'' 	-e '\''s|__xconfigfile__|xorg.conf|g'\'' 	-e '\''s|__projectroot__|$(prefix)|g'\'' 	-e '\''s|__apploaddir__|$(appdefaultdir)|g'\'' 	-e '\''s|__appmansuffix__|$(APP_MAN_SUFFIX)|g'\'' 	-e '\''s|__drivermansuffix__|$(DRIVER_MAN_SUFFIX)|g'\'' 	-e '\''s|__adminmansuffix__|$(ADMIN_MAN_SUFFIX)|g'\'' 	-e '\''s|__libmansuffix__|$(LIB_MAN_SUFFIX)|g'\'' 	-e '\''s|__miscmansuffix__|$(MISC_MAN_SUFFIX)|g'\'' 	-e '\''s|__filemansuffix__|$(FILE_MAN_SUFFIX)|g'\'''
MISC_MAN_DIR='$(mandir)/man$(MISC_MAN_SUFFIX)'
MISC_MAN_SUFFIX='7'
MKDIR_P='/usr/local/bin/gmkdir -p'
NEEDED='xau >= 0.99.2 pthread-stubs'
NEEDED_CFLAGS=''
NEEDED_LIBS=''
NM='/usr/local/bin/nm -B'
NMEDIT=''
OBJDUMP='objdump'
OBJEXT='o'
OTOOL64=''
OTOOL=''
PACKAGE='libxcb'
PACKAGE_BUGREPORT='https://gitlab.freedesktop.org/xorg/lib/libxcb/issues'
PACKAGE_NAME='libxcb'
PACKAGE_STRING='libxcb 1.15'
PACKAGE_TARNAME='libxcb'
PACKAGE_URL=''
PACKAGE_VERSION='1.15'
PATH_SEPARATOR=':'
PKG_CONFIG='/usr/local/bin/pkg-config'
PKG_CONFIG_LIBDIR=''
PKG_CONFIG_PATH=''
PYTHON='/usr/local/bin/python3'
PYTHON_EXEC_PREFIX='${exec_prefix}'
PYTHON_PLATFORM='freebsd13'
PYTHON_PREFIX='${prefix}'
PYTHON_VERSION='3.9'
RANLIB='ranlib'
SED='/usr/bin/sed'
SET_MAKE=''
SHELL='/bin/sh'
STRICT_CFLAGS=' -pedantic -Werror -Werror=attributes'
STRIP='strip'
VERSION='1.15'
XCBPROTO_CFLAGS=''
XCBPROTO_LIBS=''
XCBPROTO_VERSION=''
XCBPROTO_XCBINCLUDEDIR=''
XCBPROTO_XCBPYTHONDIR=''
XCB_HAVE_WIN32_FALSE=''
XCB_HAVE_WIN32_TRUE=''
XCB_SERVERSIDE_SUPPORT_FALSE=''
XCB_SERVERSIDE_SUPPORT_TRUE=''
XDMCP_CFLAGS=''
XDMCP_LIBS=''
XORG_MAN_PAGE='X Version 11'
XSLTPROC='/usr/local/bin/xsltproc'
ac_ct_AR='ar'
ac_ct_CC=''
ac_ct_DUMPBIN=''
am__EXEEXT_FALSE=''
am__EXEEXT_TRUE=''
am__fastdepCC_FALSE='#'
am__fastdepCC_TRUE=''
am__include='include'
am__isrc=''
am__leading_dot='.'
am__nodep='_no'
am__quote=''
am__tar='$${TAR-tar} chof - "$$tardir"'
am__untar='$${TAR-tar} xf -'
bindir='${exec_prefix}/bin'
build='x86_64-unknown-freebsd13.2'
build_alias=''
build_cpu='x86_64'
build_os='freebsd13.2'
build_vendor='unknown'
datadir='${datarootdir}'
datarootdir='${prefix}/share'
docdir='${datadir}/doc/libxcb-1.15'
dvidir='${docdir}'
exec_prefix='NONE'
host='x86_64-unknown-freebsd13.2'
host_alias=''
host_cpu='x86_64'
host_os='freebsd13.2'
host_vendor='unknown'
htmldir='${docdir}'
includedir='${prefix}/include'
infodir='${datarootdir}/info'
install_sh='${SHELL} /home/vxcute/configs/libs/libxcb-1.15/build-aux/install-sh'
libdir='${exec_prefix}/lib'
libexecdir='${exec_prefix}/libexec'
localedir='${datarootdir}/locale'
localstatedir='${prefix}/var'
lt_enable_auto_import=''
mandir='${datarootdir}/man'
mkdir_p='$(MKDIR_P)'
oldincludedir='/usr/include'
pdfdir='${docdir}'
pkgpyexecdir='${pyexecdir}/libxcb'
pkgpythondir='${pythondir}/libxcb'
prefix='NONE'
program_transform_name='s,x,x,'
psdir='${docdir}'
pyexecdir='${PYTHON_EXEC_PREFIX}/lib/python3.9/site-packages'
pythondir='${PYTHON_PREFIX}/lib/python3.9/site-packages'
runstatedir='${localstatedir}/run'
sbindir='${exec_prefix}/sbin'
sharedstatedir='${prefix}/com'
sysconfdir='${prefix}/etc'
target_alias=''
xcbincludedir=''

## ----------- ##
## confdefs.h. ##
## ----------- ##

/* confdefs.h */
#define PACKAGE_NAME "libxcb"
#define PACKAGE_TARNAME "libxcb"
#define PACKAGE_VERSION "1.15"
#define PACKAGE_STRING "libxcb 1.15"
#define PACKAGE_BUGREPORT "https://gitlab.freedesktop.org/xorg/lib/libxcb/issues"
#define PACKAGE_URL ""
#define PACKAGE "libxcb"
#define VERSION "1.15"
#define HAVE_STDIO_H 1
#define HAVE_STDLIB_H 1
#define HAVE_STRING_H 1
#define HAVE_INTTYPES_H 1
#define HAVE_STDINT_H 1
#define HAVE_STRINGS_H 1
#define HAVE_SYS_STAT_H 1
#define HAVE_SYS_TYPES_H 1
#define HAVE_UNISTD_H 1
#define HAVE_WCHAR_H 1
#define STDC_HEADERS 1
#define _ALL_SOURCE 1
#define _DARWIN_C_SOURCE 1
#define _GNU_SOURCE 1
#define _HPUX_ALT_XOPEN_SOCKET_API 1
#define _NETBSD_SOURCE 1
#define _OPENBSD_SOURCE 1
#define _POSIX_PTHREAD_SEMANTICS 1
#define __STDC_WANT_IEC_60559_ATTRIBS_EXT__ 1
#define __STDC_WANT_IEC_60559_BFP_EXT__ 1
#define __STDC_WANT_IEC_60559_DFP_EXT__ 1
#define __STDC_WANT_IEC_60559_FUNCS_EXT__ 1
#define __STDC_WANT_IEC_60559_TYPES_EXT__ 1
#define __STDC_WANT_LIB_EXT2__ 1
#define __STDC_WANT_MATH_SPEC_FUNCS__ 1
#define _TANDEM_SOURCE 1
#define __EXTENSIONS__ 1
#define HAVE_DLFCN_H 1
#define LT_OBJDIR ".libs/"
#define PACKAGE_VERSION_MAJOR 1
#define PACKAGE_VERSION_MINOR 15
#define PACKAGE_VERSION_PATCHLEVEL 0

configure: exit 1
